== APP - sagapoller == dapr client initializing for: 127.0.0.1:55016
== APP - sagapoller == Database URL: postgresql://postgres:mysecretpassword@localhost:5432/hasura
== APP - sagapoller == 2023/12/31 18:12:35 Hello I am called by cron!
== APP - sagapoller == 2023/12/31 18:12:35 Returned 0 records
== APP - sagapoller == 2023/12/31 18:12:40 Hello I am called by cron!
== APP - sagapoller == 2023/12/31 18:12:40 Returned 0 records
== APP - sagapoller == 2023/12/31 18:12:45 Hello I am called by cron!
== APP - sagapoller == 2023/12/31 18:12:45 Returned 0 records
== APP - sagapoller == 2023/12/31 18:12:50 Hello I am called by cron!
== APP - sagapoller == 2023/12/31 18:12:50 Returned 0 records
== APP - sagapoller == 2023/12/31 18:12:55 Hello I am called by cron!
== APP - sagapoller == 2023/12/31 18:12:55 Returned 0 records
== APP - sagapoller == 2023/12/31 18:13:00 Hello I am called by cron!
== APP - sagapoller == 2023/12/31 18:13:00 Returned 0 records
== APP - sagapoller == 2023/12/31 18:13:05 Hello I am called by cron!
== APP - sagapoller == 2023/12/31 18:13:05 Returned 0 records
== APP - sagapoller == 2023/12/31 18:13:10 Hello I am called by cron!
== APP - sagapoller == 2023/12/31 18:13:10 Returned 0 records
== APP - sagapoller == 2023/12/31 18:13:15 Hello I am called by cron!
== APP - sagapoller == 2023/12/31 18:13:15 Returned 0 records
== APP - sagapoller == 2023/12/31 18:13:20 Hello I am called by cron!
== APP - sagapoller == 2023/12/31 18:13:20 Returned 0 records
== APP - sagapoller == 2023/12/31 18:13:25 Hello I am called by cron!
== APP - sagapoller == 2023/12/31 18:13:25 Returned 0 records
== APP - sagapoller == 2023/12/31 18:13:30 Hello I am called by cron!
== APP - sagapoller == 2023/12/31 18:13:30 Returned 0 records
== APP - sagapoller == 2023/12/31 18:13:35 Hello I am called by cron!
== APP - sagapoller == 2023/12/31 18:13:35 Returned 0 records

termination signal received: shutting down
