== APP - sagapoller == dapr client initializing for: 127.0.0.1:59414
== APP - sagapoller == Database URL: postgresql://postgres:mysecretpassword@localhost:5432/hasura
== APP - sagapoller == 2023/12/31 21:19:19 Hello I am called by cron!
== APP - sagapoller == 2023/12/31 21:19:19 Returned 0 records
== APP - sagapoller == 2023/12/31 21:19:24 Hello I am called by cron!
== APP - sagapoller == 2023/12/31 21:19:24 Returned 0 records
== APP - sagapoller == 2023/12/31 21:19:29 Hello I am called by cron!
== APP - sagapoller == 2023/12/31 21:19:29 Returned 0 records
== APP - sagapoller == 2023/12/31 21:19:34 Hello I am called by cron!
== APP - sagapoller == 2023/12/31 21:19:34 Returned 0 records
== APP - sagapoller == 2023/12/31 21:19:39 Hello I am called by cron!
== APP - sagapoller == 2023/12/31 21:19:39 Returned 0 records
== APP - sagapoller == 2023/12/31 21:19:44 Hello I am called by cron!
== APP - sagapoller == 2023/12/31 21:19:44 Returned 0 records
== APP - sagapoller == 2023/12/31 21:19:49 Hello I am called by cron!
== APP - sagapoller == 2023/12/31 21:19:49 Returned 0 records
== APP - sagapoller == 2023/12/31 21:19:54 Hello I am called by cron!
== APP - sagapoller == 2023/12/31 21:19:54 Returned 0 records
== APP - sagapoller == 2023/12/31 21:19:59 Hello I am called by cron!
== APP - sagapoller == 2023/12/31 21:19:59 Returned 0 records
== APP - sagapoller == 2023/12/31 21:20:04 Hello I am called by cron!
== APP - sagapoller == 2023/12/31 21:20:04 Returned 0 records
== APP - sagapoller == 2023/12/31 21:20:09 Hello I am called by cron!
== APP - sagapoller == 2023/12/31 21:20:09 Returned 0 records
== APP - sagapoller == 2023/12/31 21:20:14 Hello I am called by cron!
== APP - sagapoller == 2023/12/31 21:20:14 Returned 0 records
== APP - sagapoller == 2023/12/31 21:20:19 Hello I am called by cron!
== APP - sagapoller == 2023/12/31 21:20:19 Returned 0 records
== APP - sagapoller == 2023/12/31 21:20:24 Hello I am called by cron!
== APP - sagapoller == 2023/12/31 21:20:24 Returned 0 records
== APP - sagapoller == 2023/12/31 21:20:29 Hello I am called by cron!
== APP - sagapoller == 2023/12/31 21:20:29 Returned 0 records
== APP - sagapoller == 2023/12/31 21:20:34 Hello I am called by cron!
== APP - sagapoller == 2023/12/31 21:20:34 Returned 0 records
== APP - sagapoller == 2023/12/31 21:20:39 Hello I am called by cron!
== APP - sagapoller == 2023/12/31 21:20:39 Returned 0 records
== APP - sagapoller == 2023/12/31 21:20:44 Hello I am called by cron!
== APP - sagapoller == 2023/12/31 21:20:44 Returned 0 records
== APP - sagapoller == 2023/12/31 21:20:49 Hello I am called by cron!
== APP - sagapoller == 2023/12/31 21:20:49 Returned 0 records
== APP - sagapoller == 2023/12/31 21:20:54 Hello I am called by cron!
== APP - sagapoller == 2023/12/31 21:20:54 Returned 0 records
== APP - sagapoller == 2023/12/31 21:20:59 Hello I am called by cron!
== APP - sagapoller == 2023/12/31 21:20:59 Returned 0 records
== APP - sagapoller == 2023/12/31 21:21:04 Hello I am called by cron!
== APP - sagapoller == 2023/12/31 21:21:04 Returned 0 records
== APP - sagapoller == 2023/12/31 21:21:09 Hello I am called by cron!
== APP - sagapoller == 2023/12/31 21:21:09 Returned 0 records
== APP - sagapoller == 2023/12/31 21:21:14 Hello I am called by cron!
== APP - sagapoller == 2023/12/31 21:21:14 Returned 0 records
== APP - sagapoller == 2023/12/31 21:21:19 Hello I am called by cron!
== APP - sagapoller == 2023/12/31 21:21:19 Returned 0 records
== APP - sagapoller == 2023/12/31 21:21:24 Hello I am called by cron!
== APP - sagapoller == 2023/12/31 21:21:24 Returned 0 records
== APP - sagapoller == 2023/12/31 21:21:29 Hello I am called by cron!
== APP - sagapoller == 2023/12/31 21:21:29 Returned 0 records
== APP - sagapoller == 2023/12/31 21:21:34 Hello I am called by cron!
== APP - sagapoller == 2023/12/31 21:21:34 Returned 0 records
== APP - sagapoller == 2023/12/31 21:21:39 Hello I am called by cron!
== APP - sagapoller == 2023/12/31 21:21:39 Returned 0 records
== APP - sagapoller == 2023/12/31 21:21:44 Hello I am called by cron!
== APP - sagapoller == 2023/12/31 21:21:44 Returned 0 records
== APP - sagapoller == 2023/12/31 21:21:49 Hello I am called by cron!
== APP - sagapoller == 2023/12/31 21:21:49 Returned 0 records
== APP - sagapoller == 2023/12/31 21:21:54 Hello I am called by cron!
== APP - sagapoller == 2023/12/31 21:21:54 Returned 0 records
== APP - sagapoller == 2023/12/31 21:21:59 Hello I am called by cron!
== APP - sagapoller == 2023/12/31 21:21:59 Returned 0 records
== APP - sagapoller == 2023/12/31 21:22:04 Hello I am called by cron!
== APP - sagapoller == 2023/12/31 21:22:04 Returned 0 records
== APP - sagapoller == 2023/12/31 21:22:09 Hello I am called by cron!
== APP - sagapoller == 2023/12/31 21:22:09 Returned 0 records
== APP - sagapoller == 2023/12/31 21:22:14 Hello I am called by cron!
== APP - sagapoller == 2023/12/31 21:22:14 Returned 0 records

termination signal received: shutting down
