Starting Dapr with id sagapoller. HTTP Port: 59065. gRPC Port: 59066
Updating metadata for cliPID: 73412
time="2023-12-31T21:17:29.880822+01:00" level=info msg="Starting Dapr Runtime -- version 1.12.2 -- commit f954254ed520409602024ea6d507d0405afa1f07" app_id=sagapoller instance=stevens-air.home scope=dapr.runtime type=log ver=1.12.2
time="2023-12-31T21:17:29.880855+01:00" level=info msg="Log level set to: info" app_id=sagapoller instance=stevens-air.home scope=dapr.runtime type=log ver=1.12.2
time="2023-12-31T21:17:29.881257+01:00" level=warning msg="mTLS is disabled. Skipping certificate request and tls validation" app_id=sagapoller instance=stevens-air.home scope=dapr.runtime.security type=log ver=1.12.2
time="2023-12-31T21:17:29.887551+01:00" level=warning msg="A non-YAML resiliency file .DS_Store was detected, it will not be loaded" app_id=sagapoller instance=stevens-air.home scope=dapr.runtime type=log ver=1.12.2
time="2023-12-31T21:17:29.888201+01:00" level=warning msg="A non-YAML resiliency file secrets.json was detected, it will not be loaded" app_id=sagapoller instance=stevens-air.home scope=dapr.runtime type=log ver=1.12.2
time="2023-12-31T21:17:29.891085+01:00" level=info msg="metrics server started on :59067/" app_id=sagapoller instance=stevens-air.home scope=dapr.runtime type=log ver=1.12.2
time="2023-12-31T21:17:29.891126+01:00" level=info msg="standalone mode configured" app_id=sagapoller instance=stevens-air.home scope=dapr.runtime type=log ver=1.12.2
time="2023-12-31T21:17:29.891666+01:00" level=info msg="app id: sagapoller" app_id=sagapoller instance=stevens-air.home scope=dapr.runtime type=log ver=1.12.2
time="2023-12-31T21:17:29.892014+01:00" level=info msg="Dapr trace sampler initialized: DaprTraceSampler(P=1.000000)" app_id=sagapoller instance=stevens-air.home scope=dapr.runtime type=log ver=1.12.2
time="2023-12-31T21:17:29.894352+01:00" level=info msg="local service entry announced: sagapoller -> 192.168.1.46:59068" app_id=sagapoller component="mdns (nameResolution/v1)" instance=stevens-air.home scope=dapr.contrib type=log ver=1.12.2
time="2023-12-31T21:17:29.894374+01:00" level=info msg="Initialized name resolution to mdns" app_id=sagapoller instance=stevens-air.home scope=dapr.runtime type=log ver=1.12.2
time="2023-12-31T21:17:29.895128+01:00" level=info msg="Loading components…" app_id=sagapoller instance=stevens-air.home scope=dapr.runtime type=log ver=1.12.2
time="2023-12-31T21:17:29.895269+01:00" level=warning msg="A non-YAML Component file .DS_Store was detected, it will not be loaded" app_id=sagapoller instance=stevens-air.home scope=dapr.runtime.components type=log ver=1.12.2
time="2023-12-31T21:17:29.897669+01:00" level=warning msg="A non-YAML Component file secrets.json was detected, it will not be loaded" app_id=sagapoller instance=stevens-air.home scope=dapr.runtime.components type=log ver=1.12.2
time="2023-12-31T21:17:29.902983+01:00" level=info msg="Component loaded: local-secret-store (secretstores.local.file/v1)" app_id=sagapoller instance=stevens-air.home scope=dapr.runtime type=log ver=1.12.2
time="2023-12-31T21:17:29.903183+01:00" level=info msg="successful init for input binding (sagapoller (bindings.cron/v1))" app_id=sagapoller instance=stevens-air.home scope=dapr.runtime.processor.binding type=log ver=1.12.2
time="2023-12-31T21:17:29.903206+01:00" level=info msg="Component loaded: sagapoller (bindings.cron/v1)" app_id=sagapoller instance=stevens-air.home scope=dapr.runtime type=log ver=1.12.2
time="2023-12-31T21:17:29.916205+01:00" level=info msg="Component loaded: sagatxs (pubsub.redis/v1)" app_id=sagapoller instance=stevens-air.home scope=dapr.runtime type=log ver=1.12.2
time="2023-12-31T21:17:29.916255+01:00" level=info msg="Waiting for all outstanding components to be processed…" app_id=sagapoller instance=stevens-air.home scope=dapr.runtime type=log ver=1.12.2
time="2023-12-31T21:17:29.959141+01:00" level=info msg="Component loaded: sagalogs (state.postgresql/v1)" app_id=sagapoller instance=stevens-air.home scope=dapr.runtime type=log ver=1.12.2
time="2023-12-31T21:17:29.959175+01:00" level=info msg="All outstanding components processed" app_id=sagapoller instance=stevens-air.home scope=dapr.runtime type=log ver=1.12.2
time="2023-12-31T21:17:29.959201+01:00" level=info msg="Loading endpoints…" app_id=sagapoller instance=stevens-air.home scope=dapr.runtime type=log ver=1.12.2
time="2023-12-31T21:17:29.959291+01:00" level=warning msg="A non-YAML HTTPEndpoint file .DS_Store was detected, it will not be loaded" app_id=sagapoller instance=stevens-air.home scope=dapr.runtime.components type=log ver=1.12.2
time="2023-12-31T21:17:29.959318+01:00" level=info msg="Schedule expired data clean up every 1h0m0s" app_id=sagapoller component="sagalogs (state.postgresql/v1)" instance=stevens-air.home scope=dapr.contrib type=log ver=1.12.2
time="2023-12-31T21:17:29.959522+01:00" level=warning msg="A non-YAML HTTPEndpoint file secrets.json was detected, it will not be loaded" app_id=sagapoller instance=stevens-air.home scope=dapr.runtime.components type=log ver=1.12.2
time="2023-12-31T21:17:29.959725+01:00" level=info msg="Waiting for all outstanding http endpoints to be processed…" app_id=sagapoller instance=stevens-air.home scope=dapr.runtime type=log ver=1.12.2
time="2023-12-31T21:17:29.959735+01:00" level=info msg="All outstanding http endpoints processed" app_id=sagapoller instance=stevens-air.home scope=dapr.runtime type=log ver=1.12.2
time="2023-12-31T21:17:29.959942+01:00" level=info msg="gRPC server listening on TCP address: :59066" app_id=sagapoller instance=stevens-air.home scope=dapr.runtime.grpc.api type=log ver=1.12.2
time="2023-12-31T21:17:29.959956+01:00" level=info msg="Enabled gRPC tracing middleware" app_id=sagapoller instance=stevens-air.home scope=dapr.runtime.grpc.api type=log ver=1.12.2
time="2023-12-31T21:17:29.960086+01:00" level=info msg="Enabled gRPC metrics middleware" app_id=sagapoller instance=stevens-air.home scope=dapr.runtime.grpc.api type=log ver=1.12.2
time="2023-12-31T21:17:29.960155+01:00" level=info msg="Registering workflow engine for gRPC endpoint: [::]:59066" app_id=sagapoller instance=stevens-air.home scope=dapr.runtime.grpc.api type=log ver=1.12.2
time="2023-12-31T21:17:29.960185+01:00" level=info msg="API gRPC server is running on port 59066" app_id=sagapoller instance=stevens-air.home scope=dapr.runtime type=log ver=1.12.2
time="2023-12-31T21:17:29.960482+01:00" level=info msg="Enabled max body size HTTP middleware with size 4 MB" app_id=sagapoller instance=stevens-air.home scope=dapr.runtime.http type=log ver=1.12.2
time="2023-12-31T21:17:29.960657+01:00" level=info msg="Enabled tracing HTTP middleware" app_id=sagapoller instance=stevens-air.home scope=dapr.runtime.http type=log ver=1.12.2
time="2023-12-31T21:17:29.960664+01:00" level=info msg="Enabled metrics HTTP middleware" app_id=sagapoller instance=stevens-air.home scope=dapr.runtime.http type=log ver=1.12.2
time="2023-12-31T21:17:29.960828+01:00" level=info msg="HTTP server listening on TCP address: :59065" app_id=sagapoller instance=stevens-air.home scope=dapr.runtime.http type=log ver=1.12.2
time="2023-12-31T21:17:29.961086+01:00" level=info msg="HTTP server is running on port 59065" app_id=sagapoller instance=stevens-air.home scope=dapr.runtime type=log ver=1.12.2
time="2023-12-31T21:17:29.961093+01:00" level=info msg="The request body size parameter is: 4" app_id=sagapoller instance=stevens-air.home scope=dapr.runtime type=log ver=1.12.2
time="2023-12-31T21:17:29.961121+01:00" level=info msg="gRPC server listening on TCP address: :59068" app_id=sagapoller instance=stevens-air.home scope=dapr.runtime.grpc.internal type=log ver=1.12.2
time="2023-12-31T21:17:29.961129+01:00" level=info msg="Enabled gRPC tracing middleware" app_id=sagapoller instance=stevens-air.home scope=dapr.runtime.grpc.internal type=log ver=1.12.2
time="2023-12-31T21:17:29.961134+01:00" level=info msg="Enabled gRPC metrics middleware" app_id=sagapoller instance=stevens-air.home scope=dapr.runtime.grpc.internal type=log ver=1.12.2
time="2023-12-31T21:17:29.961151+01:00" level=info msg="Internal gRPC server is running on port 59068" app_id=sagapoller instance=stevens-air.home scope=dapr.runtime type=log ver=1.12.2
time="2023-12-31T21:17:29.96121+01:00" level=info msg="application protocol: http. waiting on port 8080.  This will block until the app is listening on that port." app_id=sagapoller instance=stevens-air.home scope=dapr.runtime type=log ver=1.12.2
Updating metadata for app command: go run .
Updating metadata for appPID: 73416
You're up and running! Dapr logs will appear here.

time="2023-12-31T21:17:32.487689+01:00" level=info msg="application discovered on port 8080" app_id=sagapoller instance=stevens-air.home scope=dapr.runtime type=log ver=1.12.2
time="2023-12-31T21:17:32.489629+01:00" level=info msg="Application configuration loaded" app_id=sagapoller instance=stevens-air.home scope=dapr.runtime type=log ver=1.12.2
time="2023-12-31T21:17:32.489646+01:00" level=info msg="actors: state store is not configured - this is okay for clients but services with hosted actors will fail to initialize!" app_id=sagapoller instance=stevens-air.home scope=dapr.runtime type=log ver=1.12.2
time="2023-12-31T21:17:32.490387+01:00" level=info msg="Actor runtime started. Actor idle timeout: 1h0m0s. Actor scan interval: 30s" app_id=sagapoller instance=stevens-air.home scope=dapr.runtime.actor type=log ver=1.12.2
time="2023-12-31T21:17:32.490401+01:00" level=info msg="Configuring workflow engine with actors backend" app_id=sagapoller instance=stevens-air.home scope=dapr.runtime.wfengine type=log ver=1.12.2
time="2023-12-31T21:17:32.490411+01:00" level=info msg="Registering component for dapr workflow engine..." app_id=sagapoller instance=stevens-air.home scope=dapr.runtime type=log ver=1.12.2
time="2023-12-31T21:17:32.490422+01:00" level=info msg="Initializing Dapr workflow component" app_id=sagapoller component="dapr (workflow.dapr/v1)" instance=stevens-air.home scope=dapr.contrib type=log ver=1.12.2
time="2023-12-31T21:17:32.491782+01:00" level=warning msg="A non-YAML pubsub file .DS_Store was detected, it will not be loaded" app_id=sagapoller instance=stevens-air.home scope=dapr.runtime.processor.pubsub type=log ver=1.12.2
time="2023-12-31T21:17:32.492111+01:00" level=warning msg="A non-YAML pubsub file secrets.json was detected, it will not be loaded" app_id=sagapoller instance=stevens-air.home scope=dapr.runtime.processor.pubsub type=log ver=1.12.2
time="2023-12-31T21:17:32.492867+01:00" level=info msg="dapr initialized. Status: Running. Init Elapsed 2603ms" app_id=sagapoller instance=stevens-air.home scope=dapr.runtime type=log ver=1.12.2
time="2023-12-31T21:17:32.583189+01:00" level=info msg="Placement tables updated, version: 0" app_id=sagapoller instance=stevens-air.home scope=dapr.runtime.actors.placement type=log ver=1.12.2
time="2023-12-31T21:18:55.944121+01:00" level=info msg="Received signal 'interrupt'; beginning shutdown" app_id=sagapoller instance=stevens-air.home scope=dapr.signals type=log ver=1.12.2

termination signal received: shutting down
Exited Dapr successfully
Exited App successfully
time="2023-12-31T21:18:55.947795+01:00" level=info msg="Dapr is shutting down" app_id=sagapoller instance=stevens-air.home scope=dapr.runtime type=log ver=1.12.2
time="2023-12-31T21:18:55.947873+01:00" level=info msg="Shutting down component dapr (workflow.dapr/v1)" app_id=sagapoller instance=stevens-air.home scope=dapr.runtime type=log ver=1.12.2
time="2023-12-31T21:18:55.947932+01:00" level=info msg="Shutting down workflow engine" app_id=sagapoller instance=stevens-air.home scope=dapr.runtime type=log ver=1.12.2
time="2023-12-31T21:18:55.948005+01:00" level=info msg="Shutting down actor" app_id=sagapoller instance=stevens-air.home scope=dapr.runtime type=log ver=1.12.2
time="2023-12-31T21:18:55.948199+01:00" level=info msg="Closing HTTP server [::]:59065…" app_id=sagapoller instance=stevens-air.home scope=dapr.runtime.http type=log ver=1.12.2
time="2023-12-31T21:18:55.948261+01:00" level=info msg="Shutting down component sagatxs (pubsub.redis/v1)" app_id=sagapoller instance=stevens-air.home scope=dapr.runtime type=log ver=1.12.2
time="2023-12-31T21:18:55.948359+01:00" level=info msg="Shutting down component local-secret-store (secretstores.local.file/v1)" app_id=sagapoller instance=stevens-air.home scope=dapr.runtime type=log ver=1.12.2
time="2023-12-31T21:18:55.948427+01:00" level=info msg="Shutting down component sagapoller (bindings.cron/v1)" app_id=sagapoller instance=stevens-air.home scope=dapr.runtime type=log ver=1.12.2
time="2023-12-31T21:18:55.948435+01:00" level=info msg="Shutting down component sagalogs (state.postgresql/v1)" app_id=sagapoller instance=stevens-air.home scope=dapr.runtime type=log ver=1.12.2
time="2023-12-31T21:18:55.948439+01:00" level=info msg="stopping mDNS server for app id: sagapoller" app_id=sagapoller component="mdns (nameResolution/v1)" instance=stevens-air.home scope=dapr.contrib type=log ver=1.12.2
