Starting Dapr with id sagapoller. HTTP Port: 51091. gRPC Port: 51092
Updating metadata for cliPID: 10686
time="2024-01-01T08:55:30.405175+01:00" level=info msg="Starting Dapr Runtime -- version 1.12.2 -- commit f954254ed520409602024ea6d507d0405afa1f07" app_id=sagapoller instance=stevens-air.home scope=dapr.runtime type=log ver=1.12.2
time="2024-01-01T08:55:30.405208+01:00" level=info msg="Log level set to: info" app_id=sagapoller instance=stevens-air.home scope=dapr.runtime type=log ver=1.12.2
time="2024-01-01T08:55:30.40553+01:00" level=warning msg="mTLS is disabled. Skipping certificate request and tls validation" app_id=sagapoller instance=stevens-air.home scope=dapr.runtime.security type=log ver=1.12.2
time="2024-01-01T08:55:30.409149+01:00" level=warning msg="A non-YAML resiliency file .DS_Store was detected, it will not be loaded" app_id=sagapoller instance=stevens-air.home scope=dapr.runtime type=log ver=1.12.2
time="2024-01-01T08:55:30.409456+01:00" level=warning msg="A non-YAML resiliency file secrets.json was detected, it will not be loaded" app_id=sagapoller instance=stevens-air.home scope=dapr.runtime type=log ver=1.12.2
time="2024-01-01T08:55:30.411219+01:00" level=info msg="standalone mode configured" app_id=sagapoller instance=stevens-air.home scope=dapr.runtime type=log ver=1.12.2
time="2024-01-01T08:55:30.411473+01:00" level=info msg="app id: sagapoller" app_id=sagapoller instance=stevens-air.home scope=dapr.runtime type=log ver=1.12.2
time="2024-01-01T08:55:30.411286+01:00" level=info msg="metrics server started on :51093/" app_id=sagapoller instance=stevens-air.home scope=dapr.runtime type=log ver=1.12.2
time="2024-01-01T08:55:30.411965+01:00" level=info msg="Dapr trace sampler initialized: DaprTraceSampler(P=1.000000)" app_id=sagapoller instance=stevens-air.home scope=dapr.runtime type=log ver=1.12.2
time="2024-01-01T08:55:30.413964+01:00" level=info msg="local service entry announced: sagapoller -> 192.168.1.46:51094" app_id=sagapoller component="mdns (nameResolution/v1)" instance=stevens-air.home scope=dapr.contrib type=log ver=1.12.2
time="2024-01-01T08:55:30.414021+01:00" level=info msg="Initialized name resolution to mdns" app_id=sagapoller instance=stevens-air.home scope=dapr.runtime type=log ver=1.12.2
time="2024-01-01T08:55:30.414493+01:00" level=info msg="Loading components…" app_id=sagapoller instance=stevens-air.home scope=dapr.runtime type=log ver=1.12.2
time="2024-01-01T08:55:30.414604+01:00" level=warning msg="A non-YAML Component file .DS_Store was detected, it will not be loaded" app_id=sagapoller instance=stevens-air.home scope=dapr.runtime.components type=log ver=1.12.2
time="2024-01-01T08:55:30.416693+01:00" level=warning msg="A non-YAML Component file secrets.json was detected, it will not be loaded" app_id=sagapoller instance=stevens-air.home scope=dapr.runtime.components type=log ver=1.12.2
time="2024-01-01T08:55:30.418829+01:00" level=info msg="Component loaded: local-secret-store (secretstores.local.file/v1)" app_id=sagapoller instance=stevens-air.home scope=dapr.runtime type=log ver=1.12.2
time="2024-01-01T08:55:30.418981+01:00" level=info msg="successful init for input binding (sagapoller (bindings.cron/v1))" app_id=sagapoller instance=stevens-air.home scope=dapr.runtime.processor.binding type=log ver=1.12.2
time="2024-01-01T08:55:30.418995+01:00" level=info msg="Component loaded: sagapoller (bindings.cron/v1)" app_id=sagapoller instance=stevens-air.home scope=dapr.runtime type=log ver=1.12.2
time="2024-01-01T08:55:30.433642+01:00" level=info msg="Component loaded: sagatxs (pubsub.redis/v1)" app_id=sagapoller instance=stevens-air.home scope=dapr.runtime type=log ver=1.12.2
time="2024-01-01T08:55:30.433668+01:00" level=info msg="Waiting for all outstanding components to be processed…" app_id=sagapoller instance=stevens-air.home scope=dapr.runtime type=log ver=1.12.2
time="2024-01-01T08:55:30.441582+01:00" level=error msg="failed to ping the database: failed to connect to `host=localhost user=postgres database=hasura`: dial error (dial tcp 127.0.0.1:5432: connect: connection refused)" app_id=sagapoller component="sagalogs (state.postgresql/v1)" instance=stevens-air.home scope=dapr.contrib type=log ver=1.12.2
time="2024-01-01T08:55:30.441611+01:00" level=error msg="Failed to init component sagalogs: [INIT_COMPONENT_FAILURE]: initialization error occurred for sagalogs (state.postgresql/v1): failed to ping the database: failed to connect to `host=localhost user=postgres database=hasura`: dial error (dial tcp 127.0.0.1:5432: connect: connection refused)" app_id=sagapoller instance=stevens-air.home scope=dapr.runtime type=log ver=1.12.2
time="2024-01-01T08:55:30.441626+01:00" level=warning msg="Error processing component, daprd process will exit gracefully" app_id=sagapoller instance=stevens-air.home scope=dapr.runtime type=log ver=1.12.2
time="2024-01-01T08:55:30.441641+01:00" level=info msg="Loading endpoints…" app_id=sagapoller instance=stevens-air.home scope=dapr.runtime type=log ver=1.12.2
time="2024-01-01T08:55:30.441782+01:00" level=warning msg="A non-YAML HTTPEndpoint file .DS_Store was detected, it will not be loaded" app_id=sagapoller instance=stevens-air.home scope=dapr.runtime.components type=log ver=1.12.2
time="2024-01-01T08:55:30.442452+01:00" level=warning msg="A non-YAML HTTPEndpoint file secrets.json was detected, it will not be loaded" app_id=sagapoller instance=stevens-air.home scope=dapr.runtime.components type=log ver=1.12.2
time="2024-01-01T08:55:30.442832+01:00" level=info msg="Waiting for all outstanding http endpoints to be processed…" app_id=sagapoller instance=stevens-air.home scope=dapr.runtime type=log ver=1.12.2
time="2024-01-01T08:55:30.442845+01:00" level=info msg="All outstanding http endpoints processed" app_id=sagapoller instance=stevens-air.home scope=dapr.runtime type=log ver=1.12.2
time="2024-01-01T08:55:30.443077+01:00" level=info msg="gRPC server listening on TCP address: :51092" app_id=sagapoller instance=stevens-air.home scope=dapr.runtime.grpc.api type=log ver=1.12.2
time="2024-01-01T08:55:30.443089+01:00" level=info msg="Enabled gRPC tracing middleware" app_id=sagapoller instance=stevens-air.home scope=dapr.runtime.grpc.api type=log ver=1.12.2
time="2024-01-01T08:55:30.443198+01:00" level=info msg="Enabled gRPC metrics middleware" app_id=sagapoller instance=stevens-air.home scope=dapr.runtime.grpc.api type=log ver=1.12.2
time="2024-01-01T08:55:30.443454+01:00" level=info msg="Registering workflow engine for gRPC endpoint: [::]:51092" app_id=sagapoller instance=stevens-air.home scope=dapr.runtime.grpc.api type=log ver=1.12.2
time="2024-01-01T08:55:30.443805+01:00" level=info msg="API gRPC server is running on port 51092" app_id=sagapoller instance=stevens-air.home scope=dapr.runtime type=log ver=1.12.2
time="2024-01-01T08:55:30.444183+01:00" level=info msg="Enabled max body size HTTP middleware with size 4 MB" app_id=sagapoller instance=stevens-air.home scope=dapr.runtime.http type=log ver=1.12.2
time="2024-01-01T08:55:30.444299+01:00" level=info msg="Enabled tracing HTTP middleware" app_id=sagapoller instance=stevens-air.home scope=dapr.runtime.http type=log ver=1.12.2
time="2024-01-01T08:55:30.444305+01:00" level=info msg="Enabled metrics HTTP middleware" app_id=sagapoller instance=stevens-air.home scope=dapr.runtime.http type=log ver=1.12.2
time="2024-01-01T08:55:30.444527+01:00" level=info msg="HTTP server listening on TCP address: :51091" app_id=sagapoller instance=stevens-air.home scope=dapr.runtime.http type=log ver=1.12.2
time="2024-01-01T08:55:30.444716+01:00" level=info msg="HTTP server is running on port 51091" app_id=sagapoller instance=stevens-air.home scope=dapr.runtime type=log ver=1.12.2
time="2024-01-01T08:55:30.444722+01:00" level=info msg="The request body size parameter is: 4" app_id=sagapoller instance=stevens-air.home scope=dapr.runtime type=log ver=1.12.2
time="2024-01-01T08:55:30.444744+01:00" level=info msg="gRPC server listening on TCP address: :51094" app_id=sagapoller instance=stevens-air.home scope=dapr.runtime.grpc.internal type=log ver=1.12.2
time="2024-01-01T08:55:30.444751+01:00" level=info msg="Enabled gRPC tracing middleware" app_id=sagapoller instance=stevens-air.home scope=dapr.runtime.grpc.internal type=log ver=1.12.2
time="2024-01-01T08:55:30.444762+01:00" level=info msg="Enabled gRPC metrics middleware" app_id=sagapoller instance=stevens-air.home scope=dapr.runtime.grpc.internal type=log ver=1.12.2
time="2024-01-01T08:55:30.444777+01:00" level=info msg="Internal gRPC server is running on port 51094" app_id=sagapoller instance=stevens-air.home scope=dapr.runtime type=log ver=1.12.2
time="2024-01-01T08:55:30.444819+01:00" level=info msg="application protocol: http. waiting on port 8080.  This will block until the app is listening on that port." app_id=sagapoller instance=stevens-air.home scope=dapr.runtime type=log ver=1.12.2
time="2024-01-01T08:55:30.444853+01:00" level=info msg="Dapr is shutting down" app_id=sagapoller instance=stevens-air.home scope=dapr.runtime type=log ver=1.12.2
time="2024-01-01T08:55:30.444874+01:00" level=info msg="Shutting down workflow engine" app_id=sagapoller instance=stevens-air.home scope=dapr.runtime type=log ver=1.12.2
time="2024-01-01T08:55:30.44531+01:00" level=info msg="Shutting down component local-secret-store (secretstores.local.file/v1)" app_id=sagapoller instance=stevens-air.home scope=dapr.runtime type=log ver=1.12.2
time="2024-01-01T08:55:30.445345+01:00" level=info msg="Shutting down component sagapoller (bindings.cron/v1)" app_id=sagapoller instance=stevens-air.home scope=dapr.runtime type=log ver=1.12.2
time="2024-01-01T08:55:30.445365+01:00" level=info msg="Closing HTTP server [::]:51091…" app_id=sagapoller instance=stevens-air.home scope=dapr.runtime.http type=log ver=1.12.2
time="2024-01-01T08:55:30.44524+01:00" level=info msg="Shutting down component sagatxs (pubsub.redis/v1)" app_id=sagapoller instance=stevens-air.home scope=dapr.runtime type=log ver=1.12.2
time="2024-01-01T08:55:30.44542+01:00" level=info msg="stopping mDNS server for app id: sagapoller" app_id=sagapoller component="mdns (nameResolution/v1)" instance=stevens-air.home scope=dapr.contrib type=log ver=1.12.2
time="2024-01-01T08:55:30.445447+01:00" level=info msg="Dapr runtime stopped" app_id=sagapoller instance=stevens-air.home scope=dapr.runtime type=log ver=1.12.2
time="2024-01-01T08:55:30.445784+01:00" level=fatal msg="Fatal error from runtime: process component sagalogs error: [INIT_COMPONENT_FAILURE]: initialization error occurred for sagalogs (state.postgresql/v1): [INIT_COMPONENT_FAILURE]: initialization error occurred for sagalogs (state.postgresql/v1): failed to ping the database: failed to connect to `host=localhost user=postgres database=hasura`: dial error (dial tcp 127.0.0.1:5432: connect: connection refused)" app_id=sagapoller instance=stevens-air.home scope=dapr.runtime type=log ver=1.12.2
The daprd process exited with error code: exit status 1
Could not update sidecar metadata for cliPID: PUT http://127.0.0.1:51091/v1.0/metadata/cliPID giving up after 5 attempt(s): Put "http://127.0.0.1:51091/v1.0/metadata/cliPID": dial tcp 127.0.0.1:51091: connect: connection refused
