== APP - sagapoller == dapr client initializing for: 127.0.0.1:55612
== APP - sagapoller == Database URL: postgresql://postgres:mysecretpassword@localhost:5432/hasura
== APP - sagapoller == 2023/12/31 19:53:29 Hello I am called by cron!
== APP - sagapoller == 2023/12/31 19:53:29 Returned 0 records
== APP - sagapoller == 2023/12/31 19:53:34 Hello I am called by cron!
== APP - sagapoller == 2023/12/31 19:53:34 Returned 0 records
== APP - sagapoller == 2023/12/31 19:53:39 Hello I am called by cron!
== APP - sagapoller == 2023/12/31 19:53:39 Returned 0 records
== APP - sagapoller == 2023/12/31 19:53:44 Hello I am called by cron!
== APP - sagapoller == 2023/12/31 19:53:44 Returned 0 records
== APP - sagapoller == 2023/12/31 19:53:49 Hello I am called by cron!
== APP - sagapoller == 2023/12/31 19:53:49 Returned 0 records
== APP - sagapoller == 2023/12/31 19:53:54 Hello I am called by cron!
== APP - sagapoller == 2023/12/31 19:53:54 Returned 0 records
== APP - sagapoller == 2023/12/31 19:53:59 Hello I am called by cron!
== APP - sagapoller == 2023/12/31 19:53:59 Returned 0 records
== APP - sagapoller == 2023/12/31 19:54:04 Hello I am called by cron!
== APP - sagapoller == 2023/12/31 19:54:04 Returned 0 records
== APP - sagapoller == 2023/12/31 19:54:09 Hello I am called by cron!
== APP - sagapoller == 2023/12/31 19:54:09 Returned 0 records
== APP - sagapoller == 2023/12/31 19:54:14 Hello I am called by cron!
== APP - sagapoller == 2023/12/31 19:54:14 Returned 0 records
== APP - sagapoller == 2023/12/31 19:54:19 Hello I am called by cron!
== APP - sagapoller == 2023/12/31 19:54:19 Returned 0 records
== APP - sagapoller == 2023/12/31 19:54:24 Hello I am called by cron!
== APP - sagapoller == 2023/12/31 19:54:24 Returned 0 records
== APP - sagapoller == 2023/12/31 19:54:29 Hello I am called by cron!
== APP - sagapoller == 2023/12/31 19:54:29 Returned 0 records
== APP - sagapoller == 2023/12/31 19:54:34 Hello I am called by cron!
== APP - sagapoller == 2023/12/31 19:54:34 Returned 0 records
== APP - sagapoller == 2023/12/31 19:54:39 Hello I am called by cron!
== APP - sagapoller == 2023/12/31 19:54:39 Returned 0 records
== APP - sagapoller == 2023/12/31 19:54:44 Hello I am called by cron!
== APP - sagapoller == 2023/12/31 19:54:44 Returned 0 records
== APP - sagapoller == 2023/12/31 19:54:49 Hello I am called by cron!
== APP - sagapoller == 2023/12/31 19:54:49 Returned 0 records
== APP - sagapoller == 2023/12/31 19:54:54 Hello I am called by cron!
== APP - sagapoller == 2023/12/31 19:54:54 Returned 0 records
== APP - sagapoller == 2023/12/31 19:54:59 Hello I am called by cron!
== APP - sagapoller == 2023/12/31 19:54:59 Returned 0 records
== APP - sagapoller == 2023/12/31 19:55:04 Hello I am called by cron!
== APP - sagapoller == 2023/12/31 19:55:04 Returned 0 records
== APP - sagapoller == 2023/12/31 19:55:09 Hello I am called by cron!
== APP - sagapoller == 2023/12/31 19:55:09 Returned 0 records
== APP - sagapoller == 2023/12/31 19:55:14 Hello I am called by cron!
== APP - sagapoller == 2023/12/31 19:55:14 Returned 0 records
== APP - sagapoller == 2023/12/31 19:55:19 Hello I am called by cron!
== APP - sagapoller == 2023/12/31 19:55:19 Returned 0 records
== APP - sagapoller == 2023/12/31 19:55:24 Hello I am called by cron!
== APP - sagapoller == 2023/12/31 19:55:24 Returned 0 records
== APP - sagapoller == 2023/12/31 19:55:29 Hello I am called by cron!
== APP - sagapoller == 2023/12/31 19:55:29 Returned 0 records
== APP - sagapoller == 2023/12/31 19:55:34 Hello I am called by cron!
== APP - sagapoller == 2023/12/31 19:55:34 Returned 0 records
== APP - sagapoller == 2023/12/31 19:55:39 Hello I am called by cron!
== APP - sagapoller == 2023/12/31 19:55:39 Returned 0 records
== APP - sagapoller == 2023/12/31 19:55:44 Hello I am called by cron!
== APP - sagapoller == 2023/12/31 19:55:44 Returned 0 records
== APP - sagapoller == 2023/12/31 19:55:49 Hello I am called by cron!
== APP - sagapoller == 2023/12/31 19:55:49 Returned 0 records
== APP - sagapoller == 2023/12/31 19:55:54 Hello I am called by cron!
== APP - sagapoller == 2023/12/31 19:55:54 Returned 0 records
== APP - sagapoller == 2023/12/31 19:55:59 Hello I am called by cron!
== APP - sagapoller == 2023/12/31 19:55:59 Returned 0 records
== APP - sagapoller == 2023/12/31 19:56:04 Hello I am called by cron!
== APP - sagapoller == 2023/12/31 19:56:04 Returned 0 records
== APP - sagapoller == 2023/12/31 19:56:09 Hello I am called by cron!
== APP - sagapoller == 2023/12/31 19:56:09 Returned 0 records
== APP - sagapoller == 2023/12/31 19:56:14 Hello I am called by cron!
== APP - sagapoller == 2023/12/31 19:56:14 Returned 0 records
== APP - sagapoller == 2023/12/31 19:56:19 Hello I am called by cron!
== APP - sagapoller == 2023/12/31 19:56:19 Returned 0 records
== APP - sagapoller == 2023/12/31 19:56:24 Hello I am called by cron!
== APP - sagapoller == 2023/12/31 19:56:24 Returned 0 records
== APP - sagapoller == 2023/12/31 19:56:29 Hello I am called by cron!
== APP - sagapoller == 2023/12/31 19:56:29 Returned 0 records
== APP - sagapoller == 2023/12/31 19:56:34 Hello I am called by cron!
== APP - sagapoller == 2023/12/31 19:56:34 Returned 0 records
== APP - sagapoller == 2023/12/31 19:56:39 Hello I am called by cron!
== APP - sagapoller == 2023/12/31 19:56:39 Returned 0 records
== APP - sagapoller == 2023/12/31 19:56:44 Hello I am called by cron!
== APP - sagapoller == 2023/12/31 19:56:44 Returned 0 records
== APP - sagapoller == signal: interrupt

termination signal received: shutting down
