Starting Dapr with id sagapoller. HTTP Port: 64634. gRPC Port: 64635
Updating metadata for cliPID: 89040
time="2023-12-31T22:01:37.168386+01:00" level=info msg="Starting Dapr Runtime -- version 1.12.2 -- commit f954254ed520409602024ea6d507d0405afa1f07" app_id=sagapoller instance=stevens-air.home scope=dapr.runtime type=log ver=1.12.2
time="2023-12-31T22:01:37.168421+01:00" level=info msg="Log level set to: info" app_id=sagapoller instance=stevens-air.home scope=dapr.runtime type=log ver=1.12.2
time="2023-12-31T22:01:37.168505+01:00" level=warning msg="mTLS is disabled. Skipping certificate request and tls validation" app_id=sagapoller instance=stevens-air.home scope=dapr.runtime.security type=log ver=1.12.2
time="2023-12-31T22:01:37.169021+01:00" level=warning msg="A non-YAML resiliency file .DS_Store was detected, it will not be loaded" app_id=sagapoller instance=stevens-air.home scope=dapr.runtime type=log ver=1.12.2
time="2023-12-31T22:01:37.169224+01:00" level=warning msg="A non-YAML resiliency file secrets.json was detected, it will not be loaded" app_id=sagapoller instance=stevens-air.home scope=dapr.runtime type=log ver=1.12.2
time="2023-12-31T22:01:37.169518+01:00" level=info msg="standalone mode configured" app_id=sagapoller instance=stevens-air.home scope=dapr.runtime type=log ver=1.12.2
time="2023-12-31T22:01:37.169547+01:00" level=info msg="app id: sagapoller" app_id=sagapoller instance=stevens-air.home scope=dapr.runtime type=log ver=1.12.2
time="2023-12-31T22:01:37.169529+01:00" level=info msg="metrics server started on :64636/" app_id=sagapoller instance=stevens-air.home scope=dapr.runtime type=log ver=1.12.2
time="2023-12-31T22:01:37.169611+01:00" level=info msg="Dapr trace sampler initialized: DaprTraceSampler(P=1.000000)" app_id=sagapoller instance=stevens-air.home scope=dapr.runtime type=log ver=1.12.2
time="2023-12-31T22:01:37.170081+01:00" level=info msg="local service entry announced: sagapoller -> 192.168.1.46:64637" app_id=sagapoller component="mdns (nameResolution/v1)" instance=stevens-air.home scope=dapr.contrib type=log ver=1.12.2
time="2023-12-31T22:01:37.170097+01:00" level=info msg="Initialized name resolution to mdns" app_id=sagapoller instance=stevens-air.home scope=dapr.runtime type=log ver=1.12.2
time="2023-12-31T22:01:37.170154+01:00" level=info msg="Loading components…" app_id=sagapoller instance=stevens-air.home scope=dapr.runtime type=log ver=1.12.2
time="2023-12-31T22:01:37.170239+01:00" level=warning msg="A non-YAML Component file .DS_Store was detected, it will not be loaded" app_id=sagapoller instance=stevens-air.home scope=dapr.runtime.components type=log ver=1.12.2
time="2023-12-31T22:01:37.170742+01:00" level=warning msg="A non-YAML Component file secrets.json was detected, it will not be loaded" app_id=sagapoller instance=stevens-air.home scope=dapr.runtime.components type=log ver=1.12.2
time="2023-12-31T22:01:37.171271+01:00" level=info msg="Component loaded: local-secret-store (secretstores.local.file/v1)" app_id=sagapoller instance=stevens-air.home scope=dapr.runtime type=log ver=1.12.2
time="2023-12-31T22:01:37.171306+01:00" level=info msg="successful init for input binding (sagapoller (bindings.cron/v1))" app_id=sagapoller instance=stevens-air.home scope=dapr.runtime.processor.binding type=log ver=1.12.2
time="2023-12-31T22:01:37.171318+01:00" level=info msg="Component loaded: sagapoller (bindings.cron/v1)" app_id=sagapoller instance=stevens-air.home scope=dapr.runtime type=log ver=1.12.2
time="2023-12-31T22:01:37.17816+01:00" level=info msg="Component loaded: sagatxs (pubsub.redis/v1)" app_id=sagapoller instance=stevens-air.home scope=dapr.runtime type=log ver=1.12.2
time="2023-12-31T22:01:37.178268+01:00" level=info msg="Waiting for all outstanding components to be processed…" app_id=sagapoller instance=stevens-air.home scope=dapr.runtime type=log ver=1.12.2
time="2023-12-31T22:01:37.212246+01:00" level=info msg="Component loaded: sagalogs (state.postgresql/v1)" app_id=sagapoller instance=stevens-air.home scope=dapr.runtime type=log ver=1.12.2
time="2023-12-31T22:01:37.212286+01:00" level=info msg="All outstanding components processed" app_id=sagapoller instance=stevens-air.home scope=dapr.runtime type=log ver=1.12.2
time="2023-12-31T22:01:37.212305+01:00" level=info msg="Loading endpoints…" app_id=sagapoller instance=stevens-air.home scope=dapr.runtime type=log ver=1.12.2
time="2023-12-31T22:01:37.21235+01:00" level=info msg="Schedule expired data clean up every 1h0m0s" app_id=sagapoller component="sagalogs (state.postgresql/v1)" instance=stevens-air.home scope=dapr.contrib type=log ver=1.12.2
time="2023-12-31T22:01:37.212441+01:00" level=warning msg="A non-YAML HTTPEndpoint file .DS_Store was detected, it will not be loaded" app_id=sagapoller instance=stevens-air.home scope=dapr.runtime.components type=log ver=1.12.2
time="2023-12-31T22:01:37.2127+01:00" level=warning msg="A non-YAML HTTPEndpoint file secrets.json was detected, it will not be loaded" app_id=sagapoller instance=stevens-air.home scope=dapr.runtime.components type=log ver=1.12.2
time="2023-12-31T22:01:37.213008+01:00" level=info msg="Waiting for all outstanding http endpoints to be processed…" app_id=sagapoller instance=stevens-air.home scope=dapr.runtime type=log ver=1.12.2
time="2023-12-31T22:01:37.213022+01:00" level=info msg="All outstanding http endpoints processed" app_id=sagapoller instance=stevens-air.home scope=dapr.runtime type=log ver=1.12.2
time="2023-12-31T22:01:37.213095+01:00" level=info msg="gRPC server listening on TCP address: :64635" app_id=sagapoller instance=stevens-air.home scope=dapr.runtime.grpc.api type=log ver=1.12.2
time="2023-12-31T22:01:37.213108+01:00" level=info msg="Enabled gRPC tracing middleware" app_id=sagapoller instance=stevens-air.home scope=dapr.runtime.grpc.api type=log ver=1.12.2
time="2023-12-31T22:01:37.213137+01:00" level=info msg="Enabled gRPC metrics middleware" app_id=sagapoller instance=stevens-air.home scope=dapr.runtime.grpc.api type=log ver=1.12.2
time="2023-12-31T22:01:37.213224+01:00" level=info msg="Registering workflow engine for gRPC endpoint: [::]:64635" app_id=sagapoller instance=stevens-air.home scope=dapr.runtime.grpc.api type=log ver=1.12.2
time="2023-12-31T22:01:37.213244+01:00" level=info msg="API gRPC server is running on port 64635" app_id=sagapoller instance=stevens-air.home scope=dapr.runtime type=log ver=1.12.2
time="2023-12-31T22:01:37.213278+01:00" level=info msg="Enabled max body size HTTP middleware with size 4 MB" app_id=sagapoller instance=stevens-air.home scope=dapr.runtime.http type=log ver=1.12.2
time="2023-12-31T22:01:37.213288+01:00" level=info msg="Enabled tracing HTTP middleware" app_id=sagapoller instance=stevens-air.home scope=dapr.runtime.http type=log ver=1.12.2
time="2023-12-31T22:01:37.213293+01:00" level=info msg="Enabled metrics HTTP middleware" app_id=sagapoller instance=stevens-air.home scope=dapr.runtime.http type=log ver=1.12.2
time="2023-12-31T22:01:37.2135+01:00" level=info msg="HTTP server listening on TCP address: :64634" app_id=sagapoller instance=stevens-air.home scope=dapr.runtime.http type=log ver=1.12.2
time="2023-12-31T22:01:37.213515+01:00" level=info msg="HTTP server is running on port 64634" app_id=sagapoller instance=stevens-air.home scope=dapr.runtime type=log ver=1.12.2
time="2023-12-31T22:01:37.213521+01:00" level=info msg="The request body size parameter is: 4" app_id=sagapoller instance=stevens-air.home scope=dapr.runtime type=log ver=1.12.2
time="2023-12-31T22:01:37.213569+01:00" level=info msg="gRPC server listening on TCP address: :64637" app_id=sagapoller instance=stevens-air.home scope=dapr.runtime.grpc.internal type=log ver=1.12.2
time="2023-12-31T22:01:37.213578+01:00" level=info msg="Enabled gRPC tracing middleware" app_id=sagapoller instance=stevens-air.home scope=dapr.runtime.grpc.internal type=log ver=1.12.2
time="2023-12-31T22:01:37.213583+01:00" level=info msg="Enabled gRPC metrics middleware" app_id=sagapoller instance=stevens-air.home scope=dapr.runtime.grpc.internal type=log ver=1.12.2
time="2023-12-31T22:01:37.213606+01:00" level=info msg="Internal gRPC server is running on port 64637" app_id=sagapoller instance=stevens-air.home scope=dapr.runtime type=log ver=1.12.2
time="2023-12-31T22:01:37.213668+01:00" level=info msg="application protocol: http. waiting on port 8080.  This will block until the app is listening on that port." app_id=sagapoller instance=stevens-air.home scope=dapr.runtime type=log ver=1.12.2
Updating metadata for app command: go run .
Updating metadata for appPID: 89044
You're up and running! Dapr logs will appear here.

time="2023-12-31T22:01:39.336354+01:00" level=info msg="application discovered on port 8080" app_id=sagapoller instance=stevens-air.home scope=dapr.runtime type=log ver=1.12.2
time="2023-12-31T22:01:39.337887+01:00" level=info msg="Application configuration loaded" app_id=sagapoller instance=stevens-air.home scope=dapr.runtime type=log ver=1.12.2
time="2023-12-31T22:01:39.337938+01:00" level=info msg="actors: state store is not configured - this is okay for clients but services with hosted actors will fail to initialize!" app_id=sagapoller instance=stevens-air.home scope=dapr.runtime type=log ver=1.12.2
time="2023-12-31T22:01:39.338049+01:00" level=info msg="Actor runtime started. Actor idle timeout: 1h0m0s. Actor scan interval: 30s" app_id=sagapoller instance=stevens-air.home scope=dapr.runtime.actor type=log ver=1.12.2
time="2023-12-31T22:01:39.33809+01:00" level=info msg="Configuring workflow engine with actors backend" app_id=sagapoller instance=stevens-air.home scope=dapr.runtime.wfengine type=log ver=1.12.2
time="2023-12-31T22:01:39.338126+01:00" level=info msg="Registering component for dapr workflow engine..." app_id=sagapoller instance=stevens-air.home scope=dapr.runtime type=log ver=1.12.2
time="2023-12-31T22:01:39.338177+01:00" level=info msg="Initializing Dapr workflow component" app_id=sagapoller component="dapr (workflow.dapr/v1)" instance=stevens-air.home scope=dapr.contrib type=log ver=1.12.2
time="2023-12-31T22:01:39.339493+01:00" level=warning msg="A non-YAML pubsub file .DS_Store was detected, it will not be loaded" app_id=sagapoller instance=stevens-air.home scope=dapr.runtime.processor.pubsub type=log ver=1.12.2
time="2023-12-31T22:01:39.339924+01:00" level=warning msg="A non-YAML pubsub file secrets.json was detected, it will not be loaded" app_id=sagapoller instance=stevens-air.home scope=dapr.runtime.processor.pubsub type=log ver=1.12.2
time="2023-12-31T22:01:39.340704+01:00" level=info msg="dapr initialized. Status: Running. Init Elapsed 2171ms" app_id=sagapoller instance=stevens-air.home scope=dapr.runtime type=log ver=1.12.2
time="2023-12-31T22:01:39.410962+01:00" level=info msg="Placement tables updated, version: 0" app_id=sagapoller instance=stevens-air.home scope=dapr.runtime.actors.placement type=log ver=1.12.2
time="2023-12-31T22:02:24.007753+01:00" level=warning msg="[DEPRECATION NOTICE] InvokeService is deprecated and will be removed in the future, please use proxy mode instead." app_id=sagapoller instance=stevens-air.home scope=dapr.runtime.grpc.api type=log ver=1.12.2
time="2023-12-31T22:02:24.051144+01:00" level=warning msg="[DEPRECATION NOTICE] Invocation path of gRPC -> HTTP is deprecated and will be removed in the future." app_id=sagapoller instance=stevens-air.home scope=dapr.runtime.grpc.api type=log ver=1.12.2

termination signal received: shutting down
Exited Dapr successfully
time="2023-12-31T22:02:48.880996+01:00" level=info msg="Received signal 'interrupt'; beginning shutdown" app_id=sagapoller instance=stevens-air.home scope=dapr.signals type=log ver=1.12.2
Exited App successfully
