Starting Dapr with id sagapoller. HTTP Port: 57594. gRPC Port: 57595
Updating metadata for cliPID: 68861
time="2023-12-31T21:05:23.61486+01:00" level=info msg="Starting Dapr Runtime -- version 1.12.2 -- commit f954254ed520409602024ea6d507d0405afa1f07" app_id=sagapoller instance=stevens-air.home scope=dapr.runtime type=log ver=1.12.2
time="2023-12-31T21:05:23.614907+01:00" level=info msg="Log level set to: info" app_id=sagapoller instance=stevens-air.home scope=dapr.runtime type=log ver=1.12.2
time="2023-12-31T21:05:23.615036+01:00" level=warning msg="mTLS is disabled. Skipping certificate request and tls validation" app_id=sagapoller instance=stevens-air.home scope=dapr.runtime.security type=log ver=1.12.2
time="2023-12-31T21:05:23.615828+01:00" level=warning msg="A non-YAML resiliency file .DS_Store was detected, it will not be loaded" app_id=sagapoller instance=stevens-air.home scope=dapr.runtime type=log ver=1.12.2
time="2023-12-31T21:05:23.616203+01:00" level=warning msg="A non-YAML resiliency file secrets.json was detected, it will not be loaded" app_id=sagapoller instance=stevens-air.home scope=dapr.runtime type=log ver=1.12.2
time="2023-12-31T21:05:23.616512+01:00" level=info msg="standalone mode configured" app_id=sagapoller instance=stevens-air.home scope=dapr.runtime type=log ver=1.12.2
time="2023-12-31T21:05:23.616549+01:00" level=info msg="app id: sagapoller" app_id=sagapoller instance=stevens-air.home scope=dapr.runtime type=log ver=1.12.2
time="2023-12-31T21:05:23.616528+01:00" level=info msg="metrics server started on :57596/" app_id=sagapoller instance=stevens-air.home scope=dapr.runtime type=log ver=1.12.2
time="2023-12-31T21:05:23.616676+01:00" level=info msg="Dapr trace sampler initialized: DaprTraceSampler(P=1.000000)" app_id=sagapoller instance=stevens-air.home scope=dapr.runtime type=log ver=1.12.2
time="2023-12-31T21:05:23.617139+01:00" level=info msg="local service entry announced: sagapoller -> 192.168.1.46:57597" app_id=sagapoller component="mdns (nameResolution/v1)" instance=stevens-air.home scope=dapr.contrib type=log ver=1.12.2
time="2023-12-31T21:05:23.617164+01:00" level=info msg="Initialized name resolution to mdns" app_id=sagapoller instance=stevens-air.home scope=dapr.runtime type=log ver=1.12.2
time="2023-12-31T21:05:23.617233+01:00" level=info msg="Loading components…" app_id=sagapoller instance=stevens-air.home scope=dapr.runtime type=log ver=1.12.2
time="2023-12-31T21:05:23.617761+01:00" level=warning msg="A non-YAML Component file .DS_Store was detected, it will not be loaded" app_id=sagapoller instance=stevens-air.home scope=dapr.runtime.components type=log ver=1.12.2
time="2023-12-31T21:05:23.618454+01:00" level=warning msg="A non-YAML Component file secrets.json was detected, it will not be loaded" app_id=sagapoller instance=stevens-air.home scope=dapr.runtime.components type=log ver=1.12.2
time="2023-12-31T21:05:23.619439+01:00" level=info msg="Component loaded: local-secret-store (secretstores.local.file/v1)" app_id=sagapoller instance=stevens-air.home scope=dapr.runtime type=log ver=1.12.2
time="2023-12-31T21:05:23.619483+01:00" level=info msg="successful init for input binding (sagapoller (bindings.cron/v1))" app_id=sagapoller instance=stevens-air.home scope=dapr.runtime.processor.binding type=log ver=1.12.2
time="2023-12-31T21:05:23.619498+01:00" level=info msg="Component loaded: sagapoller (bindings.cron/v1)" app_id=sagapoller instance=stevens-air.home scope=dapr.runtime type=log ver=1.12.2
time="2023-12-31T21:05:23.629546+01:00" level=info msg="Component loaded: sagatxs (pubsub.redis/v1)" app_id=sagapoller instance=stevens-air.home scope=dapr.runtime type=log ver=1.12.2
time="2023-12-31T21:05:23.629604+01:00" level=info msg="Waiting for all outstanding components to be processed…" app_id=sagapoller instance=stevens-air.home scope=dapr.runtime type=log ver=1.12.2
time="2023-12-31T21:05:23.647481+01:00" level=info msg="Component loaded: sagalogs (state.postgresql/v1)" app_id=sagapoller instance=stevens-air.home scope=dapr.runtime type=log ver=1.12.2
time="2023-12-31T21:05:23.6475+01:00" level=info msg="Schedule expired data clean up every 1h0m0s" app_id=sagapoller component="sagalogs (state.postgresql/v1)" instance=stevens-air.home scope=dapr.contrib type=log ver=1.12.2
time="2023-12-31T21:05:23.647515+01:00" level=info msg="All outstanding components processed" app_id=sagapoller instance=stevens-air.home scope=dapr.runtime type=log ver=1.12.2
time="2023-12-31T21:05:23.647543+01:00" level=info msg="Loading endpoints…" app_id=sagapoller instance=stevens-air.home scope=dapr.runtime type=log ver=1.12.2
time="2023-12-31T21:05:23.64765+01:00" level=warning msg="A non-YAML HTTPEndpoint file .DS_Store was detected, it will not be loaded" app_id=sagapoller instance=stevens-air.home scope=dapr.runtime.components type=log ver=1.12.2
time="2023-12-31T21:05:23.647882+01:00" level=warning msg="A non-YAML HTTPEndpoint file secrets.json was detected, it will not be loaded" app_id=sagapoller instance=stevens-air.home scope=dapr.runtime.components type=log ver=1.12.2
time="2023-12-31T21:05:23.648053+01:00" level=info msg="Waiting for all outstanding http endpoints to be processed…" app_id=sagapoller instance=stevens-air.home scope=dapr.runtime type=log ver=1.12.2
time="2023-12-31T21:05:23.648063+01:00" level=info msg="All outstanding http endpoints processed" app_id=sagapoller instance=stevens-air.home scope=dapr.runtime type=log ver=1.12.2
time="2023-12-31T21:05:23.648137+01:00" level=info msg="gRPC server listening on TCP address: :57595" app_id=sagapoller instance=stevens-air.home scope=dapr.runtime.grpc.api type=log ver=1.12.2
time="2023-12-31T21:05:23.648149+01:00" level=info msg="Enabled gRPC tracing middleware" app_id=sagapoller instance=stevens-air.home scope=dapr.runtime.grpc.api type=log ver=1.12.2
time="2023-12-31T21:05:23.648156+01:00" level=info msg="Enabled gRPC metrics middleware" app_id=sagapoller instance=stevens-air.home scope=dapr.runtime.grpc.api type=log ver=1.12.2
time="2023-12-31T21:05:23.648195+01:00" level=info msg="Registering workflow engine for gRPC endpoint: [::]:57595" app_id=sagapoller instance=stevens-air.home scope=dapr.runtime.grpc.api type=log ver=1.12.2
time="2023-12-31T21:05:23.648211+01:00" level=info msg="API gRPC server is running on port 57595" app_id=sagapoller instance=stevens-air.home scope=dapr.runtime type=log ver=1.12.2
time="2023-12-31T21:05:23.648243+01:00" level=info msg="Enabled max body size HTTP middleware with size 4 MB" app_id=sagapoller instance=stevens-air.home scope=dapr.runtime.http type=log ver=1.12.2
time="2023-12-31T21:05:23.648253+01:00" level=info msg="Enabled tracing HTTP middleware" app_id=sagapoller instance=stevens-air.home scope=dapr.runtime.http type=log ver=1.12.2
time="2023-12-31T21:05:23.648257+01:00" level=info msg="Enabled metrics HTTP middleware" app_id=sagapoller instance=stevens-air.home scope=dapr.runtime.http type=log ver=1.12.2
time="2023-12-31T21:05:23.64842+01:00" level=info msg="HTTP server listening on TCP address: :57594" app_id=sagapoller instance=stevens-air.home scope=dapr.runtime.http type=log ver=1.12.2
time="2023-12-31T21:05:23.648432+01:00" level=info msg="HTTP server is running on port 57594" app_id=sagapoller instance=stevens-air.home scope=dapr.runtime type=log ver=1.12.2
time="2023-12-31T21:05:23.648438+01:00" level=info msg="The request body size parameter is: 4" app_id=sagapoller instance=stevens-air.home scope=dapr.runtime type=log ver=1.12.2
time="2023-12-31T21:05:23.648458+01:00" level=info msg="gRPC server listening on TCP address: :57597" app_id=sagapoller instance=stevens-air.home scope=dapr.runtime.grpc.internal type=log ver=1.12.2
time="2023-12-31T21:05:23.648465+01:00" level=info msg="Enabled gRPC tracing middleware" app_id=sagapoller instance=stevens-air.home scope=dapr.runtime.grpc.internal type=log ver=1.12.2
time="2023-12-31T21:05:23.64847+01:00" level=info msg="Enabled gRPC metrics middleware" app_id=sagapoller instance=stevens-air.home scope=dapr.runtime.grpc.internal type=log ver=1.12.2
time="2023-12-31T21:05:23.648483+01:00" level=info msg="Internal gRPC server is running on port 57597" app_id=sagapoller instance=stevens-air.home scope=dapr.runtime type=log ver=1.12.2
time="2023-12-31T21:05:23.648555+01:00" level=info msg="application protocol: http. waiting on port 8080.  This will block until the app is listening on that port." app_id=sagapoller instance=stevens-air.home scope=dapr.runtime type=log ver=1.12.2
Updating metadata for app command: go run .
Updating metadata for appPID: 68865
You're up and running! Dapr logs will appear here.

time="2023-12-31T21:05:47.839771+01:00" level=info msg="Received signal 'interrupt'; beginning shutdown" app_id=sagapoller instance=stevens-air.home scope=dapr.signals type=log ver=1.12.2

termination signal received: shutting down
Exited Dapr successfully
