Starting Dapr with id sagapoller. HTTP Port: 52808. gRPC Port: 52809
Updating metadata for cliPID: 68104
time="2024-01-02T09:51:13.272369+01:00" level=info msg="Starting Dapr Runtime -- version 1.12.2 -- commit f954254ed520409602024ea6d507d0405afa1f07" app_id=sagapoller instance=stevens-air.home scope=dapr.runtime type=log ver=1.12.2
time="2024-01-02T09:51:13.272403+01:00" level=info msg="Log level set to: info" app_id=sagapoller instance=stevens-air.home scope=dapr.runtime type=log ver=1.12.2
time="2024-01-02T09:51:13.273182+01:00" level=warning msg="mTLS is disabled. Skipping certificate request and tls validation" app_id=sagapoller instance=stevens-air.home scope=dapr.runtime.security type=log ver=1.12.2
time="2024-01-02T09:51:13.288715+01:00" level=warning msg="A non-YAML resiliency file .DS_Store was detected, it will not be loaded" app_id=sagapoller instance=stevens-air.home scope=dapr.runtime type=log ver=1.12.2
time="2024-01-02T09:51:13.288994+01:00" level=warning msg="A non-YAML resiliency file secrets.json was detected, it will not be loaded" app_id=sagapoller instance=stevens-air.home scope=dapr.runtime type=log ver=1.12.2
time="2024-01-02T09:51:13.290388+01:00" level=info msg="standalone mode configured" app_id=sagapoller instance=stevens-air.home scope=dapr.runtime type=log ver=1.12.2
time="2024-01-02T09:51:13.291007+01:00" level=info msg="app id: sagapoller" app_id=sagapoller instance=stevens-air.home scope=dapr.runtime type=log ver=1.12.2
time="2024-01-02T09:51:13.290634+01:00" level=info msg="metrics server started on :52810/" app_id=sagapoller instance=stevens-air.home scope=dapr.runtime type=log ver=1.12.2
time="2024-01-02T09:51:13.291136+01:00" level=info msg="Dapr trace sampler initialized: DaprTraceSampler(P=1.000000)" app_id=sagapoller instance=stevens-air.home scope=dapr.runtime type=log ver=1.12.2
time="2024-01-02T09:51:13.293815+01:00" level=info msg="local service entry announced: sagapoller -> 192.168.1.46:52811" app_id=sagapoller component="mdns (nameResolution/v1)" instance=stevens-air.home scope=dapr.contrib type=log ver=1.12.2
time="2024-01-02T09:51:13.293834+01:00" level=info msg="Initialized name resolution to mdns" app_id=sagapoller instance=stevens-air.home scope=dapr.runtime type=log ver=1.12.2
time="2024-01-02T09:51:13.297047+01:00" level=info msg="Loading components…" app_id=sagapoller instance=stevens-air.home scope=dapr.runtime type=log ver=1.12.2
time="2024-01-02T09:51:13.297308+01:00" level=warning msg="A non-YAML Component file .DS_Store was detected, it will not be loaded" app_id=sagapoller instance=stevens-air.home scope=dapr.runtime.components type=log ver=1.12.2
time="2024-01-02T09:51:13.300318+01:00" level=warning msg="A non-YAML Component file secrets.json was detected, it will not be loaded" app_id=sagapoller instance=stevens-air.home scope=dapr.runtime.components type=log ver=1.12.2
time="2024-01-02T09:51:13.302085+01:00" level=info msg="Component loaded: local-secret-store (secretstores.local.file/v1)" app_id=sagapoller instance=stevens-air.home scope=dapr.runtime type=log ver=1.12.2
time="2024-01-02T09:51:13.302148+01:00" level=info msg="successful init for input binding (sagapoller (bindings.cron/v1))" app_id=sagapoller instance=stevens-air.home scope=dapr.runtime.processor.binding type=log ver=1.12.2
time="2024-01-02T09:51:13.302166+01:00" level=info msg="Component loaded: sagapoller (bindings.cron/v1)" app_id=sagapoller instance=stevens-air.home scope=dapr.runtime type=log ver=1.12.2
time="2024-01-02T09:51:13.302179+01:00" level=error msg="Error getting secret: secret redis not found" app_id=sagapoller instance=stevens-air.home scope=dapr.runtime type=log ver=1.12.2
time="2024-01-02T09:51:13.314402+01:00" level=info msg="Component loaded: sagatxs (pubsub.redis/v1)" app_id=sagapoller instance=stevens-air.home scope=dapr.runtime type=log ver=1.12.2
time="2024-01-02T09:51:13.314446+01:00" level=info msg="Waiting for all outstanding components to be processed…" app_id=sagapoller instance=stevens-air.home scope=dapr.runtime type=log ver=1.12.2
time="2024-01-02T09:51:13.358613+01:00" level=info msg="Component loaded: sagalogs (state.postgresql/v1)" app_id=sagapoller instance=stevens-air.home scope=dapr.runtime type=log ver=1.12.2
time="2024-01-02T09:51:13.358698+01:00" level=info msg="All outstanding components processed" app_id=sagapoller instance=stevens-air.home scope=dapr.runtime type=log ver=1.12.2
time="2024-01-02T09:51:13.358743+01:00" level=info msg="Loading endpoints…" app_id=sagapoller instance=stevens-air.home scope=dapr.runtime type=log ver=1.12.2
time="2024-01-02T09:51:13.35879+01:00" level=info msg="Schedule expired data clean up every 1h0m0s" app_id=sagapoller component="sagalogs (state.postgresql/v1)" instance=stevens-air.home scope=dapr.contrib type=log ver=1.12.2
time="2024-01-02T09:51:13.35888+01:00" level=warning msg="A non-YAML HTTPEndpoint file .DS_Store was detected, it will not be loaded" app_id=sagapoller instance=stevens-air.home scope=dapr.runtime.components type=log ver=1.12.2
time="2024-01-02T09:51:13.359183+01:00" level=warning msg="A non-YAML HTTPEndpoint file secrets.json was detected, it will not be loaded" app_id=sagapoller instance=stevens-air.home scope=dapr.runtime.components type=log ver=1.12.2
time="2024-01-02T09:51:13.360465+01:00" level=info msg="Waiting for all outstanding http endpoints to be processed…" app_id=sagapoller instance=stevens-air.home scope=dapr.runtime type=log ver=1.12.2
time="2024-01-02T09:51:13.360552+01:00" level=info msg="All outstanding http endpoints processed" app_id=sagapoller instance=stevens-air.home scope=dapr.runtime type=log ver=1.12.2
time="2024-01-02T09:51:13.360865+01:00" level=info msg="gRPC server listening on TCP address: :52809" app_id=sagapoller instance=stevens-air.home scope=dapr.runtime.grpc.api type=log ver=1.12.2
time="2024-01-02T09:51:13.360882+01:00" level=info msg="Enabled gRPC tracing middleware" app_id=sagapoller instance=stevens-air.home scope=dapr.runtime.grpc.api type=log ver=1.12.2
time="2024-01-02T09:51:13.361018+01:00" level=info msg="Enabled gRPC metrics middleware" app_id=sagapoller instance=stevens-air.home scope=dapr.runtime.grpc.api type=log ver=1.12.2
time="2024-01-02T09:51:13.361085+01:00" level=info msg="Registering workflow engine for gRPC endpoint: [::]:52809" app_id=sagapoller instance=stevens-air.home scope=dapr.runtime.grpc.api type=log ver=1.12.2
time="2024-01-02T09:51:13.361137+01:00" level=info msg="API gRPC server is running on port 52809" app_id=sagapoller instance=stevens-air.home scope=dapr.runtime type=log ver=1.12.2
time="2024-01-02T09:51:13.361488+01:00" level=info msg="Enabled max body size HTTP middleware with size 4 MB" app_id=sagapoller instance=stevens-air.home scope=dapr.runtime.http type=log ver=1.12.2
time="2024-01-02T09:51:13.361675+01:00" level=info msg="Enabled tracing HTTP middleware" app_id=sagapoller instance=stevens-air.home scope=dapr.runtime.http type=log ver=1.12.2
time="2024-01-02T09:51:13.361681+01:00" level=info msg="Enabled metrics HTTP middleware" app_id=sagapoller instance=stevens-air.home scope=dapr.runtime.http type=log ver=1.12.2
time="2024-01-02T09:51:13.361845+01:00" level=info msg="HTTP server listening on TCP address: :52808" app_id=sagapoller instance=stevens-air.home scope=dapr.runtime.http type=log ver=1.12.2
time="2024-01-02T09:51:13.362004+01:00" level=info msg="HTTP server is running on port 52808" app_id=sagapoller instance=stevens-air.home scope=dapr.runtime type=log ver=1.12.2
time="2024-01-02T09:51:13.36201+01:00" level=info msg="The request body size parameter is: 4" app_id=sagapoller instance=stevens-air.home scope=dapr.runtime type=log ver=1.12.2
time="2024-01-02T09:51:13.362032+01:00" level=info msg="gRPC server listening on TCP address: :52811" app_id=sagapoller instance=stevens-air.home scope=dapr.runtime.grpc.internal type=log ver=1.12.2
time="2024-01-02T09:51:13.362039+01:00" level=info msg="Enabled gRPC tracing middleware" app_id=sagapoller instance=stevens-air.home scope=dapr.runtime.grpc.internal type=log ver=1.12.2
time="2024-01-02T09:51:13.362044+01:00" level=info msg="Enabled gRPC metrics middleware" app_id=sagapoller instance=stevens-air.home scope=dapr.runtime.grpc.internal type=log ver=1.12.2
time="2024-01-02T09:51:13.362064+01:00" level=info msg="Internal gRPC server is running on port 52811" app_id=sagapoller instance=stevens-air.home scope=dapr.runtime type=log ver=1.12.2
time="2024-01-02T09:51:13.362121+01:00" level=info msg="application protocol: http. waiting on port 8080.  This will block until the app is listening on that port." app_id=sagapoller instance=stevens-air.home scope=dapr.runtime type=log ver=1.12.2
Updating metadata for app command: go run .
Updating metadata for appPID: 68108
You're up and running! Dapr logs will appear here.

time="2024-01-02T09:51:15.890793+01:00" level=info msg="application discovered on port 8080" app_id=sagapoller instance=stevens-air.home scope=dapr.runtime type=log ver=1.12.2
time="2024-01-02T09:51:15.891599+01:00" level=info msg="Application configuration loaded" app_id=sagapoller instance=stevens-air.home scope=dapr.runtime type=log ver=1.12.2
time="2024-01-02T09:51:15.891614+01:00" level=info msg="actors: state store is not configured - this is okay for clients but services with hosted actors will fail to initialize!" app_id=sagapoller instance=stevens-air.home scope=dapr.runtime type=log ver=1.12.2
time="2024-01-02T09:51:15.893669+01:00" level=info msg="Actor runtime started. Actor idle timeout: 1h0m0s. Actor scan interval: 30s" app_id=sagapoller instance=stevens-air.home scope=dapr.runtime.actor type=log ver=1.12.2
time="2024-01-02T09:51:15.893688+01:00" level=info msg="Configuring workflow engine with actors backend" app_id=sagapoller instance=stevens-air.home scope=dapr.runtime.wfengine type=log ver=1.12.2
time="2024-01-02T09:51:15.893705+01:00" level=info msg="Registering component for dapr workflow engine..." app_id=sagapoller instance=stevens-air.home scope=dapr.runtime type=log ver=1.12.2
time="2024-01-02T09:51:15.893717+01:00" level=info msg="Initializing Dapr workflow component" app_id=sagapoller component="dapr (workflow.dapr/v1)" instance=stevens-air.home scope=dapr.contrib type=log ver=1.12.2
time="2024-01-02T09:51:15.895339+01:00" level=warning msg="A non-YAML pubsub file .DS_Store was detected, it will not be loaded" app_id=sagapoller instance=stevens-air.home scope=dapr.runtime.processor.pubsub type=log ver=1.12.2
time="2024-01-02T09:51:15.895795+01:00" level=warning msg="A non-YAML pubsub file secrets.json was detected, it will not be loaded" app_id=sagapoller instance=stevens-air.home scope=dapr.runtime.processor.pubsub type=log ver=1.12.2
time="2024-01-02T09:51:15.897782+01:00" level=info msg="dapr initialized. Status: Running. Init Elapsed 2607ms" app_id=sagapoller instance=stevens-air.home scope=dapr.runtime type=log ver=1.12.2
time="2024-01-02T09:51:15.961307+01:00" level=info msg="Placement tables updated, version: 0" app_id=sagapoller instance=stevens-air.home scope=dapr.runtime.actors.placement type=log ver=1.12.2
time="2024-01-02T09:51:40.008442+01:00" level=warning msg="[DEPRECATION NOTICE] InvokeService is deprecated and will be removed in the future, please use proxy mode instead." app_id=sagapoller instance=stevens-air.home scope=dapr.runtime.grpc.api type=log ver=1.12.2
time="2024-01-02T09:51:40.048928+01:00" level=warning msg="[DEPRECATION NOTICE] Invocation path of gRPC -> HTTP is deprecated and will be removed in the future." app_id=sagapoller instance=stevens-air.home scope=dapr.runtime.grpc.api type=log ver=1.12.2
time="2024-01-02T09:51:44.345901+01:00" level=info msg="Received signal 'interrupt'; beginning shutdown" app_id=sagapoller instance=stevens-air.home scope=dapr.signals type=log ver=1.12.2

termination signal received: shutting down
Exited Dapr successfully
time="2024-01-02T09:51:44.347236+01:00" level=info msg="Dapr is shutting down" app_id=sagapoller instance=stevens-air.home scope=dapr.runtime type=log ver=1.12.2
time="2024-01-02T09:51:44.347311+01:00" level=info msg="Shutting down component dapr (workflow.dapr/v1)" app_id=sagapoller instance=stevens-air.home scope=dapr.runtime type=log ver=1.12.2
time="2024-01-02T09:51:44.347348+01:00" level=info msg="Shutting down workflow engine" app_id=sagapoller instance=stevens-air.home scope=dapr.runtime type=log ver=1.12.2
time="2024-01-02T09:51:44.347433+01:00" level=info msg="Shutting down actor" app_id=sagapoller instance=stevens-air.home scope=dapr.runtime type=log ver=1.12.2
time="2024-01-02T09:51:44.347638+01:00" level=info msg="Shutting down component sagapoller (bindings.cron/v1)" app_id=sagapoller instance=stevens-air.home scope=dapr.runtime type=log ver=1.12.2
time="2024-01-02T09:51:44.347748+01:00" level=info msg="Closing HTTP server [::]:52808…" app_id=sagapoller instance=stevens-air.home scope=dapr.runtime.http type=log ver=1.12.2
time="2024-01-02T09:51:44.34793+01:00" level=info msg="Shutting down component sagatxs (pubsub.redis/v1)" app_id=sagapoller instance=stevens-air.home scope=dapr.runtime type=log ver=1.12.2
time="2024-01-02T09:51:44.348005+01:00" level=info msg="Shutting down component sagalogs (state.postgresql/v1)" app_id=sagapoller instance=stevens-air.home scope=dapr.runtime type=log ver=1.12.2
Exited App successfully
