Starting Dapr with id sagapoller. HTTP Port: 60304. gRPC Port: 60305
Updating metadata for cliPID: 76311
time="2023-12-31T21:24:31.610911+01:00" level=info msg="Starting Dapr Runtime -- version 1.12.2 -- commit f954254ed520409602024ea6d507d0405afa1f07" app_id=sagapoller instance=stevens-air.home scope=dapr.runtime type=log ver=1.12.2
time="2023-12-31T21:24:31.610944+01:00" level=info msg="Log level set to: info" app_id=sagapoller instance=stevens-air.home scope=dapr.runtime type=log ver=1.12.2
time="2023-12-31T21:24:31.61114+01:00" level=warning msg="mTLS is disabled. Skipping certificate request and tls validation" app_id=sagapoller instance=stevens-air.home scope=dapr.runtime.security type=log ver=1.12.2
time="2023-12-31T21:24:31.612161+01:00" level=warning msg="A non-YAML resiliency file .DS_Store was detected, it will not be loaded" app_id=sagapoller instance=stevens-air.home scope=dapr.runtime type=log ver=1.12.2
time="2023-12-31T21:24:31.612448+01:00" level=warning msg="A non-YAML resiliency file secrets.json was detected, it will not be loaded" app_id=sagapoller instance=stevens-air.home scope=dapr.runtime type=log ver=1.12.2
time="2023-12-31T21:24:31.61416+01:00" level=info msg="standalone mode configured" app_id=sagapoller instance=stevens-air.home scope=dapr.runtime type=log ver=1.12.2
time="2023-12-31T21:24:31.6142+01:00" level=info msg="app id: sagapoller" app_id=sagapoller instance=stevens-air.home scope=dapr.runtime type=log ver=1.12.2
time="2023-12-31T21:24:31.614194+01:00" level=info msg="metrics server started on :60306/" app_id=sagapoller instance=stevens-air.home scope=dapr.runtime type=log ver=1.12.2
time="2023-12-31T21:24:31.614293+01:00" level=info msg="Dapr trace sampler initialized: DaprTraceSampler(P=1.000000)" app_id=sagapoller instance=stevens-air.home scope=dapr.runtime type=log ver=1.12.2
time="2023-12-31T21:24:31.61502+01:00" level=info msg="local service entry announced: sagapoller -> 192.168.1.46:60307" app_id=sagapoller component="mdns (nameResolution/v1)" instance=stevens-air.home scope=dapr.contrib type=log ver=1.12.2
time="2023-12-31T21:24:31.615034+01:00" level=info msg="Initialized name resolution to mdns" app_id=sagapoller instance=stevens-air.home scope=dapr.runtime type=log ver=1.12.2
time="2023-12-31T21:24:31.615085+01:00" level=info msg="Loading components…" app_id=sagapoller instance=stevens-air.home scope=dapr.runtime type=log ver=1.12.2
time="2023-12-31T21:24:31.61518+01:00" level=warning msg="A non-YAML Component file .DS_Store was detected, it will not be loaded" app_id=sagapoller instance=stevens-air.home scope=dapr.runtime.components type=log ver=1.12.2
time="2023-12-31T21:24:31.615572+01:00" level=warning msg="A non-YAML Component file secrets.json was detected, it will not be loaded" app_id=sagapoller instance=stevens-air.home scope=dapr.runtime.components type=log ver=1.12.2
time="2023-12-31T21:24:31.616255+01:00" level=info msg="Component loaded: local-secret-store (secretstores.local.file/v1)" app_id=sagapoller instance=stevens-air.home scope=dapr.runtime type=log ver=1.12.2
time="2023-12-31T21:24:31.616299+01:00" level=info msg="successful init for input binding (sagapoller (bindings.cron/v1))" app_id=sagapoller instance=stevens-air.home scope=dapr.runtime.processor.binding type=log ver=1.12.2
time="2023-12-31T21:24:31.616315+01:00" level=info msg="Component loaded: sagapoller (bindings.cron/v1)" app_id=sagapoller instance=stevens-air.home scope=dapr.runtime type=log ver=1.12.2
time="2023-12-31T21:24:31.622733+01:00" level=info msg="Component loaded: sagatxs (pubsub.redis/v1)" app_id=sagapoller instance=stevens-air.home scope=dapr.runtime type=log ver=1.12.2
time="2023-12-31T21:24:31.622947+01:00" level=info msg="Waiting for all outstanding components to be processed…" app_id=sagapoller instance=stevens-air.home scope=dapr.runtime type=log ver=1.12.2
time="2023-12-31T21:24:31.654926+01:00" level=info msg="Component loaded: sagalogs (state.postgresql/v1)" app_id=sagapoller instance=stevens-air.home scope=dapr.runtime type=log ver=1.12.2
time="2023-12-31T21:24:31.654978+01:00" level=info msg="All outstanding components processed" app_id=sagapoller instance=stevens-air.home scope=dapr.runtime type=log ver=1.12.2
time="2023-12-31T21:24:31.655006+01:00" level=info msg="Loading endpoints…" app_id=sagapoller instance=stevens-air.home scope=dapr.runtime type=log ver=1.12.2
time="2023-12-31T21:24:31.655026+01:00" level=info msg="Schedule expired data clean up every 1h0m0s" app_id=sagapoller component="sagalogs (state.postgresql/v1)" instance=stevens-air.home scope=dapr.contrib type=log ver=1.12.2
time="2023-12-31T21:24:31.65524+01:00" level=warning msg="A non-YAML HTTPEndpoint file .DS_Store was detected, it will not be loaded" app_id=sagapoller instance=stevens-air.home scope=dapr.runtime.components type=log ver=1.12.2
time="2023-12-31T21:24:31.655569+01:00" level=warning msg="A non-YAML HTTPEndpoint file secrets.json was detected, it will not be loaded" app_id=sagapoller instance=stevens-air.home scope=dapr.runtime.components type=log ver=1.12.2
time="2023-12-31T21:24:31.656147+01:00" level=info msg="Waiting for all outstanding http endpoints to be processed…" app_id=sagapoller instance=stevens-air.home scope=dapr.runtime type=log ver=1.12.2
time="2023-12-31T21:24:31.65616+01:00" level=info msg="All outstanding http endpoints processed" app_id=sagapoller instance=stevens-air.home scope=dapr.runtime type=log ver=1.12.2
time="2023-12-31T21:24:31.656243+01:00" level=info msg="gRPC server listening on TCP address: :60305" app_id=sagapoller instance=stevens-air.home scope=dapr.runtime.grpc.api type=log ver=1.12.2
time="2023-12-31T21:24:31.656257+01:00" level=info msg="Enabled gRPC tracing middleware" app_id=sagapoller instance=stevens-air.home scope=dapr.runtime.grpc.api type=log ver=1.12.2
time="2023-12-31T21:24:31.656264+01:00" level=info msg="Enabled gRPC metrics middleware" app_id=sagapoller instance=stevens-air.home scope=dapr.runtime.grpc.api type=log ver=1.12.2
time="2023-12-31T21:24:31.656308+01:00" level=info msg="Registering workflow engine for gRPC endpoint: [::]:60305" app_id=sagapoller instance=stevens-air.home scope=dapr.runtime.grpc.api type=log ver=1.12.2
time="2023-12-31T21:24:31.656328+01:00" level=info msg="API gRPC server is running on port 60305" app_id=sagapoller instance=stevens-air.home scope=dapr.runtime type=log ver=1.12.2
time="2023-12-31T21:24:31.656375+01:00" level=info msg="Enabled max body size HTTP middleware with size 4 MB" app_id=sagapoller instance=stevens-air.home scope=dapr.runtime.http type=log ver=1.12.2
time="2023-12-31T21:24:31.656389+01:00" level=info msg="Enabled tracing HTTP middleware" app_id=sagapoller instance=stevens-air.home scope=dapr.runtime.http type=log ver=1.12.2
time="2023-12-31T21:24:31.656397+01:00" level=info msg="Enabled metrics HTTP middleware" app_id=sagapoller instance=stevens-air.home scope=dapr.runtime.http type=log ver=1.12.2
time="2023-12-31T21:24:31.656564+01:00" level=info msg="HTTP server listening on TCP address: :60304" app_id=sagapoller instance=stevens-air.home scope=dapr.runtime.http type=log ver=1.12.2
time="2023-12-31T21:24:31.656584+01:00" level=info msg="HTTP server is running on port 60304" app_id=sagapoller instance=stevens-air.home scope=dapr.runtime type=log ver=1.12.2
time="2023-12-31T21:24:31.65659+01:00" level=info msg="The request body size parameter is: 4" app_id=sagapoller instance=stevens-air.home scope=dapr.runtime type=log ver=1.12.2
time="2023-12-31T21:24:31.656617+01:00" level=info msg="gRPC server listening on TCP address: :60307" app_id=sagapoller instance=stevens-air.home scope=dapr.runtime.grpc.internal type=log ver=1.12.2
time="2023-12-31T21:24:31.656624+01:00" level=info msg="Enabled gRPC tracing middleware" app_id=sagapoller instance=stevens-air.home scope=dapr.runtime.grpc.internal type=log ver=1.12.2
time="2023-12-31T21:24:31.656629+01:00" level=info msg="Enabled gRPC metrics middleware" app_id=sagapoller instance=stevens-air.home scope=dapr.runtime.grpc.internal type=log ver=1.12.2
time="2023-12-31T21:24:31.656645+01:00" level=info msg="Internal gRPC server is running on port 60307" app_id=sagapoller instance=stevens-air.home scope=dapr.runtime type=log ver=1.12.2
time="2023-12-31T21:24:31.656715+01:00" level=info msg="application protocol: http. waiting on port 8080.  This will block until the app is listening on that port." app_id=sagapoller instance=stevens-air.home scope=dapr.runtime type=log ver=1.12.2
Updating metadata for app command: go run .
Updating metadata for appPID: 76315
You're up and running! Dapr logs will appear here.

time="2023-12-31T21:24:33.174825+01:00" level=info msg="application discovered on port 8080" app_id=sagapoller instance=stevens-air.home scope=dapr.runtime type=log ver=1.12.2
time="2023-12-31T21:24:33.175531+01:00" level=info msg="Application configuration loaded" app_id=sagapoller instance=stevens-air.home scope=dapr.runtime type=log ver=1.12.2
time="2023-12-31T21:24:33.175543+01:00" level=info msg="actors: state store is not configured - this is okay for clients but services with hosted actors will fail to initialize!" app_id=sagapoller instance=stevens-air.home scope=dapr.runtime type=log ver=1.12.2
time="2023-12-31T21:24:33.175582+01:00" level=info msg="Actor runtime started. Actor idle timeout: 1h0m0s. Actor scan interval: 30s" app_id=sagapoller instance=stevens-air.home scope=dapr.runtime.actor type=log ver=1.12.2
time="2023-12-31T21:24:33.175596+01:00" level=info msg="Configuring workflow engine with actors backend" app_id=sagapoller instance=stevens-air.home scope=dapr.runtime.wfengine type=log ver=1.12.2
time="2023-12-31T21:24:33.175604+01:00" level=info msg="Registering component for dapr workflow engine..." app_id=sagapoller instance=stevens-air.home scope=dapr.runtime type=log ver=1.12.2
time="2023-12-31T21:24:33.175619+01:00" level=info msg="Initializing Dapr workflow component" app_id=sagapoller component="dapr (workflow.dapr/v1)" instance=stevens-air.home scope=dapr.contrib type=log ver=1.12.2
time="2023-12-31T21:24:33.175983+01:00" level=warning msg="A non-YAML pubsub file .DS_Store was detected, it will not be loaded" app_id=sagapoller instance=stevens-air.home scope=dapr.runtime.processor.pubsub type=log ver=1.12.2
time="2023-12-31T21:24:33.176277+01:00" level=warning msg="A non-YAML pubsub file secrets.json was detected, it will not be loaded" app_id=sagapoller instance=stevens-air.home scope=dapr.runtime.processor.pubsub type=log ver=1.12.2
time="2023-12-31T21:24:33.176913+01:00" level=info msg="dapr initialized. Status: Running. Init Elapsed 1562ms" app_id=sagapoller instance=stevens-air.home scope=dapr.runtime type=log ver=1.12.2
time="2023-12-31T21:24:33.406526+01:00" level=info msg="Placement tables updated, version: 0" app_id=sagapoller instance=stevens-air.home scope=dapr.runtime.actors.placement type=log ver=1.12.2
time="2023-12-31T21:24:38.015709+01:00" level=warning msg="[DEPRECATION NOTICE] InvokeService is deprecated and will be removed in the future, please use proxy mode instead." app_id=sagapoller instance=stevens-air.home scope=dapr.runtime.grpc.api type=log ver=1.12.2
time="2023-12-31T21:26:52.528281+01:00" level=info msg="Received signal 'interrupt'; beginning shutdown" app_id=sagapoller instance=stevens-air.home scope=dapr.signals type=log ver=1.12.2
time="2023-12-31T21:26:52.529299+01:00" level=info msg="Dapr is shutting down" app_id=sagapoller instance=stevens-air.home scope=dapr.runtime type=log ver=1.12.2
time="2023-12-31T21:26:52.529368+01:00" level=info msg="Shutting down component dapr (workflow.dapr/v1)" app_id=sagapoller instance=stevens-air.home scope=dapr.runtime type=log ver=1.12.2
time="2023-12-31T21:26:52.52942+01:00" level=info msg="Shutting down workflow engine" app_id=sagapoller instance=stevens-air.home scope=dapr.runtime type=log ver=1.12.2
time="2023-12-31T21:26:52.529482+01:00" level=info msg="Shutting down actor" app_id=sagapoller instance=stevens-air.home scope=dapr.runtime type=log ver=1.12.2
time="2023-12-31T21:26:52.529663+01:00" level=info msg="Closing HTTP server [::]:60304…" app_id=sagapoller instance=stevens-air.home scope=dapr.runtime.http type=log ver=1.12.2
time="2023-12-31T21:26:52.52978+01:00" level=info msg="Shutting down component local-secret-store (secretstores.local.file/v1)" app_id=sagapoller instance=stevens-air.home scope=dapr.runtime type=log ver=1.12.2
time="2023-12-31T21:26:52.529876+01:00" level=info msg="Shutting down component sagapoller (bindings.cron/v1)" app_id=sagapoller instance=stevens-air.home scope=dapr.runtime type=log ver=1.12.2
time="2023-12-31T21:26:52.529927+01:00" level=info msg="Shutting down component sagatxs (pubsub.redis/v1)" app_id=sagapoller instance=stevens-air.home scope=dapr.runtime type=log ver=1.12.2
time="2023-12-31T21:26:52.529989+01:00" level=info msg="Shutting down component sagalogs (state.postgresql/v1)" app_id=sagapoller instance=stevens-air.home scope=dapr.runtime type=log ver=1.12.2
time="2023-12-31T21:26:52.530013+01:00" level=info msg="stopping mDNS server for app id: sagapoller" app_id=sagapoller component="mdns (nameResolution/v1)" instance=stevens-air.home scope=dapr.contrib type=log ver=1.12.2

termination signal received: shutting down
Exited Dapr successfully
Exited App successfully
time="2023-12-31T21:26:52.531651+01:00" level=info msg="Dapr runtime stopped" app_id=sagapoller instance=stevens-air.home scope=dapr.runtime type=log ver=1.12.2
