Starting Dapr with id sagapoller. HTTP Port: 63189. gRPC Port: 63190
Updating metadata for cliPID: 82311
time="2023-12-31T21:43:25.171288+01:00" level=info msg="Starting Dapr Runtime -- version 1.12.2 -- commit f954254ed520409602024ea6d507d0405afa1f07" app_id=sagapoller instance=stevens-air.home scope=dapr.runtime type=log ver=1.12.2
time="2023-12-31T21:43:25.171325+01:00" level=info msg="Log level set to: info" app_id=sagapoller instance=stevens-air.home scope=dapr.runtime type=log ver=1.12.2
time="2023-12-31T21:43:25.171604+01:00" level=warning msg="mTLS is disabled. Skipping certificate request and tls validation" app_id=sagapoller instance=stevens-air.home scope=dapr.runtime.security type=log ver=1.12.2
time="2023-12-31T21:43:25.175126+01:00" level=warning msg="A non-YAML resiliency file .DS_Store was detected, it will not be loaded" app_id=sagapoller instance=stevens-air.home scope=dapr.runtime type=log ver=1.12.2
time="2023-12-31T21:43:25.175411+01:00" level=warning msg="A non-YAML resiliency file secrets.json was detected, it will not be loaded" app_id=sagapoller instance=stevens-air.home scope=dapr.runtime type=log ver=1.12.2
time="2023-12-31T21:43:25.176446+01:00" level=info msg="standalone mode configured" app_id=sagapoller instance=stevens-air.home scope=dapr.runtime type=log ver=1.12.2
time="2023-12-31T21:43:25.176777+01:00" level=info msg="app id: sagapoller" app_id=sagapoller instance=stevens-air.home scope=dapr.runtime type=log ver=1.12.2
time="2023-12-31T21:43:25.176708+01:00" level=info msg="metrics server started on :63191/" app_id=sagapoller instance=stevens-air.home scope=dapr.runtime type=log ver=1.12.2
time="2023-12-31T21:43:25.177057+01:00" level=info msg="Dapr trace sampler initialized: DaprTraceSampler(P=1.000000)" app_id=sagapoller instance=stevens-air.home scope=dapr.runtime type=log ver=1.12.2
time="2023-12-31T21:43:25.178924+01:00" level=info msg="local service entry announced: sagapoller -> 192.168.1.46:63192" app_id=sagapoller component="mdns (nameResolution/v1)" instance=stevens-air.home scope=dapr.contrib type=log ver=1.12.2
time="2023-12-31T21:43:25.17894+01:00" level=info msg="Initialized name resolution to mdns" app_id=sagapoller instance=stevens-air.home scope=dapr.runtime type=log ver=1.12.2
time="2023-12-31T21:43:25.179247+01:00" level=info msg="Loading components…" app_id=sagapoller instance=stevens-air.home scope=dapr.runtime type=log ver=1.12.2
time="2023-12-31T21:43:25.179362+01:00" level=warning msg="A non-YAML Component file .DS_Store was detected, it will not be loaded" app_id=sagapoller instance=stevens-air.home scope=dapr.runtime.components type=log ver=1.12.2
time="2023-12-31T21:43:25.181953+01:00" level=warning msg="A non-YAML Component file secrets.json was detected, it will not be loaded" app_id=sagapoller instance=stevens-air.home scope=dapr.runtime.components type=log ver=1.12.2
time="2023-12-31T21:43:25.183849+01:00" level=info msg="Component loaded: local-secret-store (secretstores.local.file/v1)" app_id=sagapoller instance=stevens-air.home scope=dapr.runtime type=log ver=1.12.2
time="2023-12-31T21:43:25.183982+01:00" level=info msg="successful init for input binding (sagapoller (bindings.cron/v1))" app_id=sagapoller instance=stevens-air.home scope=dapr.runtime.processor.binding type=log ver=1.12.2
time="2023-12-31T21:43:25.183998+01:00" level=info msg="Component loaded: sagapoller (bindings.cron/v1)" app_id=sagapoller instance=stevens-air.home scope=dapr.runtime type=log ver=1.12.2
time="2023-12-31T21:43:25.197606+01:00" level=info msg="Component loaded: sagatxs (pubsub.redis/v1)" app_id=sagapoller instance=stevens-air.home scope=dapr.runtime type=log ver=1.12.2
time="2023-12-31T21:43:25.197643+01:00" level=info msg="Waiting for all outstanding components to be processed…" app_id=sagapoller instance=stevens-air.home scope=dapr.runtime type=log ver=1.12.2
time="2023-12-31T21:43:25.235336+01:00" level=info msg="Component loaded: sagalogs (state.postgresql/v1)" app_id=sagapoller instance=stevens-air.home scope=dapr.runtime type=log ver=1.12.2
time="2023-12-31T21:43:25.235375+01:00" level=info msg="All outstanding components processed" app_id=sagapoller instance=stevens-air.home scope=dapr.runtime type=log ver=1.12.2
time="2023-12-31T21:43:25.235396+01:00" level=info msg="Loading endpoints…" app_id=sagapoller instance=stevens-air.home scope=dapr.runtime type=log ver=1.12.2
time="2023-12-31T21:43:25.235478+01:00" level=warning msg="A non-YAML HTTPEndpoint file .DS_Store was detected, it will not be loaded" app_id=sagapoller instance=stevens-air.home scope=dapr.runtime.components type=log ver=1.12.2
time="2023-12-31T21:43:25.235629+01:00" level=info msg="Schedule expired data clean up every 1h0m0s" app_id=sagapoller component="sagalogs (state.postgresql/v1)" instance=stevens-air.home scope=dapr.contrib type=log ver=1.12.2
time="2023-12-31T21:43:25.235745+01:00" level=warning msg="A non-YAML HTTPEndpoint file secrets.json was detected, it will not be loaded" app_id=sagapoller instance=stevens-air.home scope=dapr.runtime.components type=log ver=1.12.2
time="2023-12-31T21:43:25.235967+01:00" level=info msg="Waiting for all outstanding http endpoints to be processed…" app_id=sagapoller instance=stevens-air.home scope=dapr.runtime type=log ver=1.12.2
time="2023-12-31T21:43:25.235979+01:00" level=info msg="All outstanding http endpoints processed" app_id=sagapoller instance=stevens-air.home scope=dapr.runtime type=log ver=1.12.2
time="2023-12-31T21:43:25.236786+01:00" level=info msg="gRPC server listening on TCP address: :63190" app_id=sagapoller instance=stevens-air.home scope=dapr.runtime.grpc.api type=log ver=1.12.2
time="2023-12-31T21:43:25.236803+01:00" level=info msg="Enabled gRPC tracing middleware" app_id=sagapoller instance=stevens-air.home scope=dapr.runtime.grpc.api type=log ver=1.12.2
time="2023-12-31T21:43:25.236926+01:00" level=info msg="Enabled gRPC metrics middleware" app_id=sagapoller instance=stevens-air.home scope=dapr.runtime.grpc.api type=log ver=1.12.2
time="2023-12-31T21:43:25.236988+01:00" level=info msg="Registering workflow engine for gRPC endpoint: [::]:63190" app_id=sagapoller instance=stevens-air.home scope=dapr.runtime.grpc.api type=log ver=1.12.2
time="2023-12-31T21:43:25.237217+01:00" level=info msg="API gRPC server is running on port 63190" app_id=sagapoller instance=stevens-air.home scope=dapr.runtime type=log ver=1.12.2
time="2023-12-31T21:43:25.237635+01:00" level=info msg="Enabled max body size HTTP middleware with size 4 MB" app_id=sagapoller instance=stevens-air.home scope=dapr.runtime.http type=log ver=1.12.2
time="2023-12-31T21:43:25.237733+01:00" level=info msg="Enabled tracing HTTP middleware" app_id=sagapoller instance=stevens-air.home scope=dapr.runtime.http type=log ver=1.12.2
time="2023-12-31T21:43:25.23774+01:00" level=info msg="Enabled metrics HTTP middleware" app_id=sagapoller instance=stevens-air.home scope=dapr.runtime.http type=log ver=1.12.2
time="2023-12-31T21:43:25.238104+01:00" level=info msg="HTTP server listening on TCP address: :63189" app_id=sagapoller instance=stevens-air.home scope=dapr.runtime.http type=log ver=1.12.2
time="2023-12-31T21:43:25.238338+01:00" level=info msg="HTTP server is running on port 63189" app_id=sagapoller instance=stevens-air.home scope=dapr.runtime type=log ver=1.12.2
time="2023-12-31T21:43:25.238349+01:00" level=info msg="The request body size parameter is: 4" app_id=sagapoller instance=stevens-air.home scope=dapr.runtime type=log ver=1.12.2
time="2023-12-31T21:43:25.238385+01:00" level=info msg="gRPC server listening on TCP address: :63192" app_id=sagapoller instance=stevens-air.home scope=dapr.runtime.grpc.internal type=log ver=1.12.2
time="2023-12-31T21:43:25.238395+01:00" level=info msg="Enabled gRPC tracing middleware" app_id=sagapoller instance=stevens-air.home scope=dapr.runtime.grpc.internal type=log ver=1.12.2
time="2023-12-31T21:43:25.238401+01:00" level=info msg="Enabled gRPC metrics middleware" app_id=sagapoller instance=stevens-air.home scope=dapr.runtime.grpc.internal type=log ver=1.12.2
time="2023-12-31T21:43:25.238423+01:00" level=info msg="Internal gRPC server is running on port 63192" app_id=sagapoller instance=stevens-air.home scope=dapr.runtime type=log ver=1.12.2
time="2023-12-31T21:43:25.238486+01:00" level=info msg="application protocol: http. waiting on port 8080.  This will block until the app is listening on that port." app_id=sagapoller instance=stevens-air.home scope=dapr.runtime type=log ver=1.12.2
Updating metadata for app command: go run .
Updating metadata for appPID: 82315
You're up and running! Dapr logs will appear here.

time="2023-12-31T21:43:28.068877+01:00" level=info msg="application discovered on port 8080" app_id=sagapoller instance=stevens-air.home scope=dapr.runtime type=log ver=1.12.2
time="2023-12-31T21:43:28.072852+01:00" level=info msg="Application configuration loaded" app_id=sagapoller instance=stevens-air.home scope=dapr.runtime type=log ver=1.12.2
time="2023-12-31T21:43:28.072946+01:00" level=info msg="actors: state store is not configured - this is okay for clients but services with hosted actors will fail to initialize!" app_id=sagapoller instance=stevens-air.home scope=dapr.runtime type=log ver=1.12.2
time="2023-12-31T21:43:28.074191+01:00" level=info msg="Actor runtime started. Actor idle timeout: 1h0m0s. Actor scan interval: 30s" app_id=sagapoller instance=stevens-air.home scope=dapr.runtime.actor type=log ver=1.12.2
time="2023-12-31T21:43:28.074245+01:00" level=info msg="Configuring workflow engine with actors backend" app_id=sagapoller instance=stevens-air.home scope=dapr.runtime.wfengine type=log ver=1.12.2
time="2023-12-31T21:43:28.074284+01:00" level=info msg="Registering component for dapr workflow engine..." app_id=sagapoller instance=stevens-air.home scope=dapr.runtime type=log ver=1.12.2
time="2023-12-31T21:43:28.074346+01:00" level=info msg="Initializing Dapr workflow component" app_id=sagapoller component="dapr (workflow.dapr/v1)" instance=stevens-air.home scope=dapr.contrib type=log ver=1.12.2
time="2023-12-31T21:43:28.076445+01:00" level=warning msg="A non-YAML pubsub file .DS_Store was detected, it will not be loaded" app_id=sagapoller instance=stevens-air.home scope=dapr.runtime.processor.pubsub type=log ver=1.12.2
time="2023-12-31T21:43:28.077199+01:00" level=warning msg="A non-YAML pubsub file secrets.json was detected, it will not be loaded" app_id=sagapoller instance=stevens-air.home scope=dapr.runtime.processor.pubsub type=log ver=1.12.2
time="2023-12-31T21:43:28.079401+01:00" level=info msg="dapr initialized. Status: Running. Init Elapsed 2903ms" app_id=sagapoller instance=stevens-air.home scope=dapr.runtime type=log ver=1.12.2
time="2023-12-31T21:43:28.15399+01:00" level=info msg="Placement tables updated, version: 0" app_id=sagapoller instance=stevens-air.home scope=dapr.runtime.actors.placement type=log ver=1.12.2
time="2023-12-31T21:52:03.018078+01:00" level=warning msg="[DEPRECATION NOTICE] InvokeService is deprecated and will be removed in the future, please use proxy mode instead." app_id=sagapoller instance=stevens-air.home scope=dapr.runtime.grpc.api type=log ver=1.12.2
time="2023-12-31T21:52:03.057047+01:00" level=warning msg="[DEPRECATION NOTICE] Invocation path of gRPC -> HTTP is deprecated and will be removed in the future." app_id=sagapoller instance=stevens-air.home scope=dapr.runtime.grpc.api type=log ver=1.12.2
time="2023-12-31T21:53:58.009848+01:00" level=info msg="Error processing operation DaprBuiltInServiceRetries. Retrying in 1s…" app_id=sagapoller instance=stevens-air.home scope=dapr.runtime type=log ver=1.12.2

termination signal received: shutting down
Exited Dapr successfully
Exited App successfully
time="2023-12-31T22:01:22.077933+01:00" level=info msg="Received signal 'interrupt'; beginning shutdown" app_id=sagapoller instance=stevens-air.home scope=dapr.signals type=log ver=1.12.2
