== APP - sagapoller == dapr client initializing for: 127.0.0.1:59066
== APP - sagapoller == Database URL: postgresql://postgres:mysecretpassword@localhost:5432/hasura
== APP - sagapoller == 2023/12/31 21:17:37 Hello I am called by cron!
== APP - sagapoller == 2023/12/31 21:17:37 Returned 0 records
== APP - sagapoller == 2023/12/31 21:17:42 Hello I am called by cron!
== APP - sagapoller == 2023/12/31 21:17:42 Returned 0 records
== APP - sagapoller == 2023/12/31 21:17:47 Hello I am called by cron!
== APP - sagapoller == 2023/12/31 21:17:47 Returned 0 records
== APP - sagapoller == 2023/12/31 21:17:52 Hello I am called by cron!
== APP - sagapoller == 2023/12/31 21:17:52 Returned 0 records
== APP - sagapoller == 2023/12/31 21:17:57 Hello I am called by cron!
== APP - sagapoller == 2023/12/31 21:17:57 Returned 0 records
== APP - sagapoller == 2023/12/31 21:18:02 Hello I am called by cron!
== APP - sagapoller == 2023/12/31 21:18:02 Returned 0 records
== APP - sagapoller == 2023/12/31 21:18:07 Hello I am called by cron!
== APP - sagapoller == 2023/12/31 21:18:07 Returned 0 records
== APP - sagapoller == 2023/12/31 21:18:12 Hello I am called by cron!
== APP - sagapoller == 2023/12/31 21:18:12 Returned 0 records
== APP - sagapoller == 2023/12/31 21:18:17 Hello I am called by cron!
== APP - sagapoller == 2023/12/31 21:18:17 Returned 0 records
== APP - sagapoller == 2023/12/31 21:18:22 Hello I am called by cron!
== APP - sagapoller == 2023/12/31 21:18:22 Returned 0 records
== APP - sagapoller == 2023/12/31 21:18:27 Hello I am called by cron!
== APP - sagapoller == 2023/12/31 21:18:27 Returned 0 records
== APP - sagapoller == 2023/12/31 21:18:32 Hello I am called by cron!
== APP - sagapoller == 2023/12/31 21:18:32 Returned 0 records
== APP - sagapoller == 2023/12/31 21:18:37 Hello I am called by cron!
== APP - sagapoller == 2023/12/31 21:18:37 Returned 0 records
== APP - sagapoller == 2023/12/31 21:18:42 Hello I am called by cron!
== APP - sagapoller == 2023/12/31 21:18:42 Returned 0 records
== APP - sagapoller == 2023/12/31 21:18:47 Hello I am called by cron!
== APP - sagapoller == 2023/12/31 21:18:47 Returned 0 records
== APP - sagapoller == 2023/12/31 21:18:52 Hello I am called by cron!
== APP - sagapoller == 2023/12/31 21:18:52 Returned 0 records

termination signal received: shutting down
